2025-05-26 20:27:23,409:WARNING:
'cuml' is a soft dependency and not included in the pycaret installation. Please run: `pip install cuml` to install.
2025-05-26 20:27:23,409:WARNING:
'cuml' is a soft dependency and not included in the pycaret installation. Please run: `pip install cuml` to install.
2025-05-26 20:27:23,409:WARNING:
'cuml' is a soft dependency and not included in the pycaret installation. Please run: `pip install cuml` to install.
2025-05-26 20:27:23,409:WARNING:
'cuml' is a soft dependency and not included in the pycaret installation. Please run: `pip install cuml` to install.
2025-05-26 20:27:48,949:WARNING:
'cuml' is a soft dependency and not included in the pycaret installation. Please run: `pip install cuml` to install.
2025-05-26 20:27:48,949:WARNING:
'cuml' is a soft dependency and not included in the pycaret installation. Please run: `pip install cuml` to install.
2025-05-26 20:27:48,950:WARNING:
'cuml' is a soft dependency and not included in the pycaret installation. Please run: `pip install cuml` to install.
2025-05-26 20:27:48,950:WARNING:
'cuml' is a soft dependency and not included in the pycaret installation. Please run: `pip install cuml` to install.
2025-05-26 20:28:50,792:WARNING:
'cuml' is a soft dependency and not included in the pycaret installation. Please run: `pip install cuml` to install.
2025-05-26 20:28:50,792:WARNING:
'cuml' is a soft dependency and not included in the pycaret installation. Please run: `pip install cuml` to install.
2025-05-26 20:28:50,792:WARNING:
'cuml' is a soft dependency and not included in the pycaret installation. Please run: `pip install cuml` to install.
2025-05-26 20:28:50,792:WARNING:
'cuml' is a soft dependency and not included in the pycaret installation. Please run: `pip install cuml` to install.
2025-05-26 20:31:44,747:WARNING:
'cuml' is a soft dependency and not included in the pycaret installation. Please run: `pip install cuml` to install.
2025-05-26 20:31:44,747:WARNING:
'cuml' is a soft dependency and not included in the pycaret installation. Please run: `pip install cuml` to install.
2025-05-26 20:31:44,748:WARNING:
'cuml' is a soft dependency and not included in the pycaret installation. Please run: `pip install cuml` to install.
2025-05-26 20:31:44,748:WARNING:
'cuml' is a soft dependency and not included in the pycaret installation. Please run: `pip install cuml` to install.
2025-05-26 20:32:06,755:WARNING:
'cuml' is a soft dependency and not included in the pycaret installation. Please run: `pip install cuml` to install.
2025-05-26 20:32:06,755:WARNING:
'cuml' is a soft dependency and not included in the pycaret installation. Please run: `pip install cuml` to install.
2025-05-26 20:32:06,755:WARNING:
'cuml' is a soft dependency and not included in the pycaret installation. Please run: `pip install cuml` to install.
2025-05-26 20:32:06,755:WARNING:
'cuml' is a soft dependency and not included in the pycaret installation. Please run: `pip install cuml` to install.
2025-05-26 20:32:09,609:INFO:PyCaret ClassificationExperiment
2025-05-26 20:32:09,609:INFO:Logging name: Clase_ml_s7_anthony
2025-05-26 20:32:09,609:INFO:ML Usecase: MLUsecase.CLASSIFICATION
2025-05-26 20:32:09,610:INFO:version 3.3.2
2025-05-26 20:32:09,610:INFO:Initializing setup()
2025-05-26 20:32:09,610:INFO:self.USI: 81b9
2025-05-26 20:32:09,610:INFO:self._variable_keys: {'seed', 'gpu_n_jobs_param', 'html_param', 'X', 'fix_imbalance', 'fold_groups_param', '_ml_usecase', 'idx', 'n_jobs_param', 'y_train', 'X_test', 'y', '_available_plots', 'gpu_param', 'target_param', 'log_plots_param', 'is_multiclass', 'data', 'X_train', 'USI', 'logging_param', 'y_test', 'fold_shuffle_param', 'exp_id', 'fold_generator', 'pipeline', 'memory', 'exp_name_log'}
2025-05-26 20:32:09,610:INFO:Checking environment
2025-05-26 20:32:09,610:INFO:python_version: 3.11.8
2025-05-26 20:32:09,610:INFO:python_build: ('tags/v3.11.8:db85d51', 'Feb  6 2024 22:03:32')
2025-05-26 20:32:09,610:INFO:machine: AMD64
2025-05-26 20:32:09,627:INFO:platform: Windows-10-10.0.26100-SP0
2025-05-26 20:32:09,633:INFO:Memory: svmem(total=16907886592, available=1907126272, percent=88.7, used=15000760320, free=1907126272)
2025-05-26 20:32:09,634:INFO:Physical Core: 4
2025-05-26 20:32:09,634:INFO:Logical Core: 8
2025-05-26 20:32:09,634:INFO:Checking libraries
2025-05-26 20:32:09,634:INFO:System:
2025-05-26 20:32:09,634:INFO:    python: 3.11.8 (tags/v3.11.8:db85d51, Feb  6 2024, 22:03:32) [MSC v.1937 64 bit (AMD64)]
2025-05-26 20:32:09,634:INFO:executable: C:\Users\User\AppData\Local\Programs\Python\Python311\python.exe
2025-05-26 20:32:09,634:INFO:   machine: Windows-10-10.0.26100-SP0
2025-05-26 20:32:09,634:INFO:PyCaret required dependencies:
2025-05-26 20:32:09,948:INFO:                 pip: 24.0
2025-05-26 20:32:09,948:INFO:          setuptools: 65.5.0
2025-05-26 20:32:09,948:INFO:             pycaret: 3.3.2
2025-05-26 20:32:09,948:INFO:             IPython: 9.2.0
2025-05-26 20:32:09,948:INFO:          ipywidgets: 8.1.7
2025-05-26 20:32:09,948:INFO:                tqdm: 4.67.1
2025-05-26 20:32:09,948:INFO:               numpy: 1.26.4
2025-05-26 20:32:09,948:INFO:              pandas: 2.1.4
2025-05-26 20:32:09,948:INFO:              jinja2: 3.1.6
2025-05-26 20:32:09,949:INFO:               scipy: 1.11.4
2025-05-26 20:32:09,949:INFO:              joblib: 1.3.2
2025-05-26 20:32:09,949:INFO:             sklearn: 1.4.2
2025-05-26 20:32:09,949:INFO:                pyod: 2.0.5
2025-05-26 20:32:09,949:INFO:            imblearn: 0.13.0
2025-05-26 20:32:09,949:INFO:   category_encoders: 2.7.0
2025-05-26 20:32:09,949:INFO:            lightgbm: 4.6.0
2025-05-26 20:32:09,949:INFO:               numba: 0.61.0
2025-05-26 20:32:09,949:INFO:            requests: 2.32.3
2025-05-26 20:32:09,949:INFO:          matplotlib: 3.7.5
2025-05-26 20:32:09,949:INFO:          scikitplot: 0.3.7
2025-05-26 20:32:09,949:INFO:         yellowbrick: 1.5
2025-05-26 20:32:09,949:INFO:              plotly: 5.24.1
2025-05-26 20:32:09,949:INFO:    plotly-resampler: Not installed
2025-05-26 20:32:09,949:INFO:             kaleido: 0.2.1
2025-05-26 20:32:09,949:INFO:           schemdraw: 0.15
2025-05-26 20:32:09,949:INFO:         statsmodels: 0.14.4
2025-05-26 20:32:09,950:INFO:              sktime: 0.26.0
2025-05-26 20:32:09,950:INFO:               tbats: 1.1.3
2025-05-26 20:32:09,950:INFO:            pmdarima: 2.0.4
2025-05-26 20:32:09,950:INFO:              psutil: 7.0.0
2025-05-26 20:32:09,950:INFO:          markupsafe: 3.0.2
2025-05-26 20:32:09,950:INFO:             pickle5: Not installed
2025-05-26 20:32:09,950:INFO:         cloudpickle: 3.1.1
2025-05-26 20:32:09,950:INFO:         deprecation: 2.1.0
2025-05-26 20:32:09,950:INFO:              xxhash: 3.5.0
2025-05-26 20:32:09,950:INFO:           wurlitzer: Not installed
2025-05-26 20:32:09,950:INFO:PyCaret optional dependencies:
2025-05-26 20:32:10,508:INFO:                shap: 0.44.1
2025-05-26 20:32:10,509:INFO:           interpret: 0.6.10
2025-05-26 20:32:10,509:INFO:                umap: 0.5.7
2025-05-26 20:32:10,509:INFO:     ydata_profiling: 4.16.1
2025-05-26 20:32:10,509:INFO:  explainerdashboard: 0.4.8
2025-05-26 20:32:10,509:INFO:             autoviz: Not installed
2025-05-26 20:32:10,509:INFO:           fairlearn: 0.7.0
2025-05-26 20:32:10,509:INFO:          deepchecks: Not installed
2025-05-26 20:32:10,509:INFO:             xgboost: Not installed
2025-05-26 20:32:10,509:INFO:            catboost: Not installed
2025-05-26 20:32:10,509:INFO:              kmodes: Not installed
2025-05-26 20:32:10,509:INFO:             mlxtend: Not installed
2025-05-26 20:32:10,509:INFO:       statsforecast: Not installed
2025-05-26 20:32:10,509:INFO:        tune_sklearn: Not installed
2025-05-26 20:32:10,509:INFO:                 ray: Not installed
2025-05-26 20:32:10,509:INFO:            hyperopt: Not installed
2025-05-26 20:32:10,509:INFO:              optuna: Not installed
2025-05-26 20:32:10,509:INFO:               skopt: Not installed
2025-05-26 20:32:10,509:INFO:              mlflow: 2.22.0
2025-05-26 20:32:10,509:INFO:              gradio: Not installed
2025-05-26 20:32:10,510:INFO:             fastapi: 0.115.12
2025-05-26 20:32:10,510:INFO:             uvicorn: 0.34.2
2025-05-26 20:32:10,510:INFO:              m2cgen: Not installed
2025-05-26 20:32:10,510:INFO:           evidently: Not installed
2025-05-26 20:32:10,510:INFO:               fugue: Not installed
2025-05-26 20:32:10,510:INFO:           streamlit: Not installed
2025-05-26 20:32:10,510:INFO:             prophet: Not installed
2025-05-26 20:32:10,510:INFO:None
2025-05-26 20:32:10,510:INFO:Set up data.
2025-05-26 20:32:10,535:INFO:Set up folding strategy.
2025-05-26 20:32:10,535:INFO:Set up train/test split.
2025-05-26 20:32:10,595:INFO:Set up index.
2025-05-26 20:32:10,596:INFO:Assigning column types.
2025-05-26 20:32:10,604:INFO:Engine successfully changes for model 'lr' to 'sklearn'.
2025-05-26 20:32:10,670:INFO:Engine for model 'knn' has not been set explicitly, hence returning None.
2025-05-26 20:32:10,678:INFO:Engine for model 'rbfsvm' has not been set explicitly, hence returning None.
2025-05-26 20:32:10,734:WARNING:
'xgboost' is a soft dependency and not included in the pycaret installation. Please run: `pip install xgboost` to install.
Alternately, you can install this by running `pip install pycaret[models]`
2025-05-26 20:32:10,735:WARNING:
'catboost' is a soft dependency and not included in the pycaret installation. Please run: `pip install catboost` to install.
Alternately, you can install this by running `pip install pycaret[models]`
2025-05-26 20:32:10,823:INFO:Engine for model 'knn' has not been set explicitly, hence returning None.
2025-05-26 20:32:10,824:INFO:Engine for model 'rbfsvm' has not been set explicitly, hence returning None.
2025-05-26 20:32:10,869:WARNING:
'xgboost' is a soft dependency and not included in the pycaret installation. Please run: `pip install xgboost` to install.
Alternately, you can install this by running `pip install pycaret[models]`
2025-05-26 20:32:10,869:WARNING:
'catboost' is a soft dependency and not included in the pycaret installation. Please run: `pip install catboost` to install.
Alternately, you can install this by running `pip install pycaret[models]`
2025-05-26 20:32:10,869:INFO:Engine successfully changes for model 'knn' to 'sklearn'.
2025-05-26 20:32:10,962:INFO:Engine for model 'rbfsvm' has not been set explicitly, hence returning None.
2025-05-26 20:32:11,008:WARNING:
'xgboost' is a soft dependency and not included in the pycaret installation. Please run: `pip install xgboost` to install.
Alternately, you can install this by running `pip install pycaret[models]`
2025-05-26 20:32:11,008:WARNING:
'catboost' is a soft dependency and not included in the pycaret installation. Please run: `pip install catboost` to install.
Alternately, you can install this by running `pip install pycaret[models]`
2025-05-26 20:32:11,077:INFO:Engine for model 'rbfsvm' has not been set explicitly, hence returning None.
2025-05-26 20:32:11,135:WARNING:
'xgboost' is a soft dependency and not included in the pycaret installation. Please run: `pip install xgboost` to install.
Alternately, you can install this by running `pip install pycaret[models]`
2025-05-26 20:32:11,136:WARNING:
'catboost' is a soft dependency and not included in the pycaret installation. Please run: `pip install catboost` to install.
Alternately, you can install this by running `pip install pycaret[models]`
2025-05-26 20:32:11,136:INFO:Engine successfully changes for model 'rbfsvm' to 'sklearn'.
2025-05-26 20:32:11,303:WARNING:
'xgboost' is a soft dependency and not included in the pycaret installation. Please run: `pip install xgboost` to install.
Alternately, you can install this by running `pip install pycaret[models]`
2025-05-26 20:32:11,304:WARNING:
'catboost' is a soft dependency and not included in the pycaret installation. Please run: `pip install catboost` to install.
Alternately, you can install this by running `pip install pycaret[models]`
2025-05-26 20:32:11,420:WARNING:
'xgboost' is a soft dependency and not included in the pycaret installation. Please run: `pip install xgboost` to install.
Alternately, you can install this by running `pip install pycaret[models]`
2025-05-26 20:32:11,421:WARNING:
'catboost' is a soft dependency and not included in the pycaret installation. Please run: `pip install catboost` to install.
Alternately, you can install this by running `pip install pycaret[models]`
2025-05-26 20:32:11,425:INFO:Preparing preprocessing pipeline...
2025-05-26 20:32:11,428:INFO:Set up simple imputation.
2025-05-26 20:32:11,433:INFO:Set up encoding of categorical features.
2025-05-26 20:32:11,571:INFO:Finished creating preprocessing pipeline.
2025-05-26 20:32:11,579:INFO:Pipeline: Pipeline(memory=FastMemory(location=C:\Users\User\AppData\Local\Temp\joblib),
         steps=[('numerical_imputer',
                 TransformerWrapper(exclude=None,
                                    include=['age', 'income', 'loan_amount',
                                             'loan_duration', 'credit_score',
                                             'has_credit_card',
                                             'num_dependents'],
                                    transformer=SimpleImputer(add_indicator=False,
                                                              copy=True,
                                                              fill_value=None,
                                                              keep_empty_features=False,
                                                              missing_va...
                                                              strategy='most_frequent'))),
                ('onehot_encoding',
                 TransformerWrapper(exclude=None,
                                    include=['marital_status',
                                             'employment_status', 'education'],
                                    transformer=OneHotEncoder(cols=['marital_status',
                                                                    'employment_status',
                                                                    'education'],
                                                              drop_invariant=False,
                                                              handle_missing='return_nan',
                                                              handle_unknown='value',
                                                              return_df=True,
                                                              use_cat_names=True,
                                                              verbose=0)))],
         verbose=False)
2025-05-26 20:32:11,579:INFO:Creating final display dataframe.
2025-05-26 20:32:11,899:INFO:Setup _display_container:                     Description                Value
0                    Session id                  776
1                        Target              default
2                   Target type               Binary
3           Original data shape            (500, 11)
4        Transformed data shape            (500, 17)
5   Transformed train set shape            (350, 17)
6    Transformed test set shape            (150, 17)
7              Numeric features                    7
8          Categorical features                    3
9                    Preprocess                 True
10              Imputation type               simple
11           Numeric imputation                 mean
12       Categorical imputation                 mode
13     Maximum one-hot encoding                   25
14              Encoding method                 None
15               Fold Generator      StratifiedKFold
16                  Fold Number                   10
17                     CPU Jobs                   -1
18                      Use GPU                False
19               Log Experiment         MlflowLogger
20              Experiment Name  Clase_ml_s7_anthony
21                          USI                 81b9
2025-05-26 20:32:12,056:WARNING:
'xgboost' is a soft dependency and not included in the pycaret installation. Please run: `pip install xgboost` to install.
Alternately, you can install this by running `pip install pycaret[models]`
2025-05-26 20:32:12,057:WARNING:
'catboost' is a soft dependency and not included in the pycaret installation. Please run: `pip install catboost` to install.
Alternately, you can install this by running `pip install pycaret[models]`
2025-05-26 20:32:12,234:WARNING:
'xgboost' is a soft dependency and not included in the pycaret installation. Please run: `pip install xgboost` to install.
Alternately, you can install this by running `pip install pycaret[models]`
2025-05-26 20:32:12,234:WARNING:
'catboost' is a soft dependency and not included in the pycaret installation. Please run: `pip install catboost` to install.
Alternately, you can install this by running `pip install pycaret[models]`
2025-05-26 20:32:12,236:INFO:Logging experiment in loggers
2025-05-26 20:33:36,931:WARNING:
'cuml' is a soft dependency and not included in the pycaret installation. Please run: `pip install cuml` to install.
2025-05-26 20:33:36,932:WARNING:
'cuml' is a soft dependency and not included in the pycaret installation. Please run: `pip install cuml` to install.
2025-05-26 20:33:36,932:WARNING:
'cuml' is a soft dependency and not included in the pycaret installation. Please run: `pip install cuml` to install.
2025-05-26 20:33:36,932:WARNING:
'cuml' is a soft dependency and not included in the pycaret installation. Please run: `pip install cuml` to install.
2025-05-26 20:33:40,006:INFO:PyCaret ClassificationExperiment
2025-05-26 20:33:40,006:INFO:Logging name: Clase_ml_s7_anthony
2025-05-26 20:33:40,007:INFO:ML Usecase: MLUsecase.CLASSIFICATION
2025-05-26 20:33:40,007:INFO:version 3.3.2
2025-05-26 20:33:40,007:INFO:Initializing setup()
2025-05-26 20:33:40,007:INFO:self.USI: 4f43
2025-05-26 20:33:40,007:INFO:self._variable_keys: {'fold_groups_param', 'exp_id', 'seed', 'pipeline', 'y_test', 'gpu_param', 'html_param', 'data', '_available_plots', 'is_multiclass', 'y_train', 'fix_imbalance', 'logging_param', 'memory', 'USI', 'n_jobs_param', 'log_plots_param', 'X_test', 'target_param', 'fold_generator', '_ml_usecase', 'y', 'gpu_n_jobs_param', 'X_train', 'X', 'exp_name_log', 'fold_shuffle_param', 'idx'}
2025-05-26 20:33:40,007:INFO:Checking environment
2025-05-26 20:33:40,007:INFO:python_version: 3.11.8
2025-05-26 20:33:40,007:INFO:python_build: ('tags/v3.11.8:db85d51', 'Feb  6 2024 22:03:32')
2025-05-26 20:33:40,007:INFO:machine: AMD64
2025-05-26 20:33:40,021:INFO:platform: Windows-10-10.0.26100-SP0
2025-05-26 20:33:40,026:INFO:Memory: svmem(total=16907886592, available=1887305728, percent=88.8, used=15020580864, free=1887305728)
2025-05-26 20:33:40,026:INFO:Physical Core: 4
2025-05-26 20:33:40,026:INFO:Logical Core: 8
2025-05-26 20:33:40,026:INFO:Checking libraries
2025-05-26 20:33:40,026:INFO:System:
2025-05-26 20:33:40,026:INFO:    python: 3.11.8 (tags/v3.11.8:db85d51, Feb  6 2024, 22:03:32) [MSC v.1937 64 bit (AMD64)]
2025-05-26 20:33:40,026:INFO:executable: C:\Users\User\AppData\Local\Programs\Python\Python311\python.exe
2025-05-26 20:33:40,026:INFO:   machine: Windows-10-10.0.26100-SP0
2025-05-26 20:33:40,026:INFO:PyCaret required dependencies:
2025-05-26 20:33:40,168:INFO:                 pip: 24.0
2025-05-26 20:33:40,168:INFO:          setuptools: 65.5.0
2025-05-26 20:33:40,168:INFO:             pycaret: 3.3.2
2025-05-26 20:33:40,168:INFO:             IPython: 9.2.0
2025-05-26 20:33:40,168:INFO:          ipywidgets: 8.1.7
2025-05-26 20:33:40,168:INFO:                tqdm: 4.67.1
2025-05-26 20:33:40,168:INFO:               numpy: 1.26.4
2025-05-26 20:33:40,168:INFO:              pandas: 2.1.4
2025-05-26 20:33:40,168:INFO:              jinja2: 3.1.6
2025-05-26 20:33:40,168:INFO:               scipy: 1.11.4
2025-05-26 20:33:40,168:INFO:              joblib: 1.3.2
2025-05-26 20:33:40,168:INFO:             sklearn: 1.4.2
2025-05-26 20:33:40,168:INFO:                pyod: 2.0.5
2025-05-26 20:33:40,168:INFO:            imblearn: 0.13.0
2025-05-26 20:33:40,168:INFO:   category_encoders: 2.7.0
2025-05-26 20:33:40,168:INFO:            lightgbm: 4.6.0
2025-05-26 20:33:40,168:INFO:               numba: 0.61.0
2025-05-26 20:33:40,169:INFO:            requests: 2.32.3
2025-05-26 20:33:40,169:INFO:          matplotlib: 3.7.5
2025-05-26 20:33:40,169:INFO:          scikitplot: 0.3.7
2025-05-26 20:33:40,169:INFO:         yellowbrick: 1.5
2025-05-26 20:33:40,169:INFO:              plotly: 5.24.1
2025-05-26 20:33:40,169:INFO:    plotly-resampler: Not installed
2025-05-26 20:33:40,169:INFO:             kaleido: 0.2.1
2025-05-26 20:33:40,169:INFO:           schemdraw: 0.15
2025-05-26 20:33:40,169:INFO:         statsmodels: 0.14.4
2025-05-26 20:33:40,169:INFO:              sktime: 0.26.0
2025-05-26 20:33:40,169:INFO:               tbats: 1.1.3
2025-05-26 20:33:40,169:INFO:            pmdarima: 2.0.4
2025-05-26 20:33:40,169:INFO:              psutil: 7.0.0
2025-05-26 20:33:40,169:INFO:          markupsafe: 3.0.2
2025-05-26 20:33:40,169:INFO:             pickle5: Not installed
2025-05-26 20:33:40,169:INFO:         cloudpickle: 3.1.1
2025-05-26 20:33:40,169:INFO:         deprecation: 2.1.0
2025-05-26 20:33:40,169:INFO:              xxhash: 3.5.0
2025-05-26 20:33:40,169:INFO:           wurlitzer: Not installed
2025-05-26 20:33:40,169:INFO:PyCaret optional dependencies:
2025-05-26 20:33:40,532:INFO:                shap: 0.44.1
2025-05-26 20:33:40,534:INFO:           interpret: 0.6.10
2025-05-26 20:33:40,534:INFO:                umap: 0.5.7
2025-05-26 20:33:40,534:INFO:     ydata_profiling: 4.16.1
2025-05-26 20:33:40,534:INFO:  explainerdashboard: 0.4.8
2025-05-26 20:33:40,534:INFO:             autoviz: Not installed
2025-05-26 20:33:40,534:INFO:           fairlearn: 0.7.0
2025-05-26 20:33:40,534:INFO:          deepchecks: Not installed
2025-05-26 20:33:40,534:INFO:             xgboost: Not installed
2025-05-26 20:33:40,534:INFO:            catboost: Not installed
2025-05-26 20:33:40,534:INFO:              kmodes: Not installed
2025-05-26 20:33:40,534:INFO:             mlxtend: Not installed
2025-05-26 20:33:40,534:INFO:       statsforecast: Not installed
2025-05-26 20:33:40,534:INFO:        tune_sklearn: Not installed
2025-05-26 20:33:40,534:INFO:                 ray: Not installed
2025-05-26 20:33:40,534:INFO:            hyperopt: Not installed
2025-05-26 20:33:40,534:INFO:              optuna: Not installed
2025-05-26 20:33:40,534:INFO:               skopt: Not installed
2025-05-26 20:33:40,534:INFO:              mlflow: 2.22.0
2025-05-26 20:33:40,535:INFO:              gradio: Not installed
2025-05-26 20:33:40,535:INFO:             fastapi: 0.115.12
2025-05-26 20:33:40,535:INFO:             uvicorn: 0.34.2
2025-05-26 20:33:40,535:INFO:              m2cgen: Not installed
2025-05-26 20:33:40,535:INFO:           evidently: Not installed
2025-05-26 20:33:40,535:INFO:               fugue: Not installed
2025-05-26 20:33:40,535:INFO:           streamlit: Not installed
2025-05-26 20:33:40,535:INFO:             prophet: Not installed
2025-05-26 20:33:40,535:INFO:None
2025-05-26 20:33:40,535:INFO:Set up data.
2025-05-26 20:33:40,547:INFO:Set up folding strategy.
2025-05-26 20:33:40,547:INFO:Set up train/test split.
2025-05-26 20:33:40,558:INFO:Set up index.
2025-05-26 20:33:40,558:INFO:Assigning column types.
2025-05-26 20:33:40,561:INFO:Engine successfully changes for model 'lr' to 'sklearn'.
2025-05-26 20:33:40,614:INFO:Engine for model 'knn' has not been set explicitly, hence returning None.
2025-05-26 20:33:40,619:INFO:Engine for model 'rbfsvm' has not been set explicitly, hence returning None.
2025-05-26 20:33:40,661:WARNING:
'xgboost' is a soft dependency and not included in the pycaret installation. Please run: `pip install xgboost` to install.
Alternately, you can install this by running `pip install pycaret[models]`
2025-05-26 20:33:40,661:WARNING:
'catboost' is a soft dependency and not included in the pycaret installation. Please run: `pip install catboost` to install.
Alternately, you can install this by running `pip install pycaret[models]`
2025-05-26 20:33:40,717:INFO:Engine for model 'knn' has not been set explicitly, hence returning None.
2025-05-26 20:33:40,718:INFO:Engine for model 'rbfsvm' has not been set explicitly, hence returning None.
2025-05-26 20:33:40,767:WARNING:
'xgboost' is a soft dependency and not included in the pycaret installation. Please run: `pip install xgboost` to install.
Alternately, you can install this by running `pip install pycaret[models]`
2025-05-26 20:33:40,768:WARNING:
'catboost' is a soft dependency and not included in the pycaret installation. Please run: `pip install catboost` to install.
Alternately, you can install this by running `pip install pycaret[models]`
2025-05-26 20:33:40,768:INFO:Engine successfully changes for model 'knn' to 'sklearn'.
2025-05-26 20:33:40,823:INFO:Engine for model 'rbfsvm' has not been set explicitly, hence returning None.
2025-05-26 20:33:40,856:WARNING:
'xgboost' is a soft dependency and not included in the pycaret installation. Please run: `pip install xgboost` to install.
Alternately, you can install this by running `pip install pycaret[models]`
2025-05-26 20:33:40,857:WARNING:
'catboost' is a soft dependency and not included in the pycaret installation. Please run: `pip install catboost` to install.
Alternately, you can install this by running `pip install pycaret[models]`
2025-05-26 20:33:40,923:INFO:Engine for model 'rbfsvm' has not been set explicitly, hence returning None.
2025-05-26 20:33:40,970:WARNING:
'xgboost' is a soft dependency and not included in the pycaret installation. Please run: `pip install xgboost` to install.
Alternately, you can install this by running `pip install pycaret[models]`
2025-05-26 20:33:40,971:WARNING:
'catboost' is a soft dependency and not included in the pycaret installation. Please run: `pip install catboost` to install.
Alternately, you can install this by running `pip install pycaret[models]`
2025-05-26 20:33:40,971:INFO:Engine successfully changes for model 'rbfsvm' to 'sklearn'.
2025-05-26 20:33:41,063:WARNING:
'xgboost' is a soft dependency and not included in the pycaret installation. Please run: `pip install xgboost` to install.
Alternately, you can install this by running `pip install pycaret[models]`
2025-05-26 20:33:41,063:WARNING:
'catboost' is a soft dependency and not included in the pycaret installation. Please run: `pip install catboost` to install.
Alternately, you can install this by running `pip install pycaret[models]`
2025-05-26 20:33:41,155:WARNING:
'xgboost' is a soft dependency and not included in the pycaret installation. Please run: `pip install xgboost` to install.
Alternately, you can install this by running `pip install pycaret[models]`
2025-05-26 20:33:41,155:WARNING:
'catboost' is a soft dependency and not included in the pycaret installation. Please run: `pip install catboost` to install.
Alternately, you can install this by running `pip install pycaret[models]`
2025-05-26 20:33:41,158:INFO:Preparing preprocessing pipeline...
2025-05-26 20:33:41,159:INFO:Set up simple imputation.
2025-05-26 20:33:41,164:INFO:Set up encoding of categorical features.
2025-05-26 20:33:41,244:INFO:Finished creating preprocessing pipeline.
2025-05-26 20:33:41,253:INFO:Pipeline: Pipeline(memory=FastMemory(location=C:\Users\User\AppData\Local\Temp\joblib),
         steps=[('numerical_imputer',
                 TransformerWrapper(exclude=None,
                                    include=['age', 'income', 'loan_amount',
                                             'loan_duration', 'credit_score',
                                             'has_credit_card',
                                             'num_dependents'],
                                    transformer=SimpleImputer(add_indicator=False,
                                                              copy=True,
                                                              fill_value=None,
                                                              keep_empty_features=False,
                                                              missing_va...
                                                              strategy='most_frequent'))),
                ('onehot_encoding',
                 TransformerWrapper(exclude=None,
                                    include=['marital_status',
                                             'employment_status', 'education'],
                                    transformer=OneHotEncoder(cols=['marital_status',
                                                                    'employment_status',
                                                                    'education'],
                                                              drop_invariant=False,
                                                              handle_missing='return_nan',
                                                              handle_unknown='value',
                                                              return_df=True,
                                                              use_cat_names=True,
                                                              verbose=0)))],
         verbose=False)
2025-05-26 20:33:41,253:INFO:Creating final display dataframe.
2025-05-26 20:33:41,485:INFO:Setup _display_container:                     Description                Value
0                    Session id                  776
1                        Target              default
2                   Target type               Binary
3           Original data shape            (500, 11)
4        Transformed data shape            (500, 17)
5   Transformed train set shape            (350, 17)
6    Transformed test set shape            (150, 17)
7              Numeric features                    7
8          Categorical features                    3
9                    Preprocess                 True
10              Imputation type               simple
11           Numeric imputation                 mean
12       Categorical imputation                 mode
13     Maximum one-hot encoding                   25
14              Encoding method                 None
15               Fold Generator      StratifiedKFold
16                  Fold Number                   10
17                     CPU Jobs                   -1
18                      Use GPU                False
19               Log Experiment                False
20              Experiment Name  Clase_ml_s7_anthony
21                          USI                 4f43
2025-05-26 20:33:41,609:WARNING:
'xgboost' is a soft dependency and not included in the pycaret installation. Please run: `pip install xgboost` to install.
Alternately, you can install this by running `pip install pycaret[models]`
2025-05-26 20:33:41,610:WARNING:
'catboost' is a soft dependency and not included in the pycaret installation. Please run: `pip install catboost` to install.
Alternately, you can install this by running `pip install pycaret[models]`
2025-05-26 20:33:41,715:WARNING:
'xgboost' is a soft dependency and not included in the pycaret installation. Please run: `pip install xgboost` to install.
Alternately, you can install this by running `pip install pycaret[models]`
2025-05-26 20:33:41,715:WARNING:
'catboost' is a soft dependency and not included in the pycaret installation. Please run: `pip install catboost` to install.
Alternately, you can install this by running `pip install pycaret[models]`
2025-05-26 20:33:41,717:INFO:setup() successfully completed in 1.72s...............
2025-05-26 20:33:41,717:INFO:Initializing compare_models()
2025-05-26 20:33:41,717:INFO:compare_models(self=<pycaret.classification.oop.ClassificationExperiment object at 0x000001F3495C0950>, include=None, exclude=None, fold=None, round=4, cross_validation=True, sort=Accuracy, n_select=1, budget_time=None, turbo=True, errors=ignore, fit_kwargs=None, groups=None, experiment_custom_tags=None, probability_threshold=None, verbose=True, parallel=None, caller_params={'self': <pycaret.classification.oop.ClassificationExperiment object at 0x000001F3495C0950>, 'include': None, 'exclude': None, 'fold': None, 'round': 4, 'cross_validation': True, 'sort': 'Accuracy', 'n_select': 1, 'budget_time': None, 'turbo': True, 'errors': 'ignore', 'fit_kwargs': None, 'groups': None, 'experiment_custom_tags': None, 'probability_threshold': None, 'engine': None, 'verbose': True, 'parallel': None, '__class__': <class 'pycaret.classification.oop.ClassificationExperiment'>})
2025-05-26 20:33:41,718:INFO:Checking exceptions
2025-05-26 20:33:41,725:INFO:Preparing display monitor
2025-05-26 20:33:41,730:INFO:Initializing Logistic Regression
2025-05-26 20:33:41,730:INFO:Total runtime is 0.0 minutes
2025-05-26 20:33:41,730:INFO:SubProcess create_model() called ==================================
2025-05-26 20:33:41,730:INFO:Initializing create_model()
2025-05-26 20:33:41,730:INFO:create_model(self=<pycaret.classification.oop.ClassificationExperiment object at 0x000001F3495C0950>, estimator=lr, fold=StratifiedKFold(n_splits=10, random_state=None, shuffle=False), round=4, cross_validation=True, predict=True, fit_kwargs={}, groups=None, refit=False, probability_threshold=None, experiment_custom_tags=None, verbose=False, system=False, add_to_model_list=True, metrics=None, display=<pycaret.internal.display.display.CommonDisplay object at 0x000001F34A166250>, model_only=True, return_train_score=False, error_score=0.0, kwargs={})
2025-05-26 20:33:41,730:INFO:Checking exceptions
2025-05-26 20:33:41,730:INFO:Importing libraries
2025-05-26 20:33:41,730:INFO:Copying training dataset
2025-05-26 20:33:41,737:INFO:Defining folds
2025-05-26 20:33:41,737:INFO:Declaring metric variables
2025-05-26 20:33:41,737:INFO:Importing untrained model
2025-05-26 20:33:41,737:INFO:Logistic Regression Imported successfully
2025-05-26 20:33:41,738:INFO:Starting cross validation
2025-05-26 20:33:41,739:INFO:Cross validating with StratifiedKFold(n_splits=10, random_state=None, shuffle=False), n_jobs=-1
2025-05-26 20:33:53,986:WARNING:C:\Users\User\AppData\Local\Programs\Python\Python311\Lib\site-packages\sklearn\linear_model\_logistic.py:469: ConvergenceWarning: lbfgs failed to converge (status=1):
STOP: TOTAL NO. of ITERATIONS REACHED LIMIT.

Increase the number of iterations (max_iter) or scale the data as shown in:
    https://scikit-learn.org/stable/modules/preprocessing.html
Please also refer to the documentation for alternative solver options:
    https://scikit-learn.org/stable/modules/linear_model.html#logistic-regression
  n_iter_i = _check_optimize_result(

2025-05-26 20:33:54,216:WARNING:C:\Users\User\AppData\Local\Programs\Python\Python311\Lib\site-packages\sklearn\metrics\_classification.py:1509: UndefinedMetricWarning: Precision is ill-defined and being set to 0.0 due to no predicted samples. Use `zero_division` parameter to control this behavior.
  _warn_prf(average, modifier, f"{metric.capitalize()} is", len(result))

2025-05-26 20:33:54,673:WARNING:C:\Users\User\AppData\Local\Programs\Python\Python311\Lib\site-packages\sklearn\linear_model\_logistic.py:469: ConvergenceWarning: lbfgs failed to converge (status=1):
STOP: TOTAL NO. of ITERATIONS REACHED LIMIT.

Increase the number of iterations (max_iter) or scale the data as shown in:
    https://scikit-learn.org/stable/modules/preprocessing.html
Please also refer to the documentation for alternative solver options:
    https://scikit-learn.org/stable/modules/linear_model.html#logistic-regression
  n_iter_i = _check_optimize_result(

2025-05-26 20:33:54,765:WARNING:C:\Users\User\AppData\Local\Programs\Python\Python311\Lib\site-packages\sklearn\metrics\_classification.py:1509: UndefinedMetricWarning: Precision is ill-defined and being set to 0.0 due to no predicted samples. Use `zero_division` parameter to control this behavior.
  _warn_prf(average, modifier, f"{metric.capitalize()} is", len(result))

2025-05-26 20:33:54,958:WARNING:C:\Users\User\AppData\Local\Programs\Python\Python311\Lib\site-packages\sklearn\linear_model\_logistic.py:469: ConvergenceWarning: lbfgs failed to converge (status=1):
STOP: TOTAL NO. of ITERATIONS REACHED LIMIT.

Increase the number of iterations (max_iter) or scale the data as shown in:
    https://scikit-learn.org/stable/modules/preprocessing.html
Please also refer to the documentation for alternative solver options:
    https://scikit-learn.org/stable/modules/linear_model.html#logistic-regression
  n_iter_i = _check_optimize_result(

2025-05-26 20:33:55,039:WARNING:C:\Users\User\AppData\Local\Programs\Python\Python311\Lib\site-packages\sklearn\metrics\_classification.py:1509: UndefinedMetricWarning: Precision is ill-defined and being set to 0.0 due to no predicted samples. Use `zero_division` parameter to control this behavior.
  _warn_prf(average, modifier, f"{metric.capitalize()} is", len(result))

2025-05-26 20:33:55,149:WARNING:C:\Users\User\AppData\Local\Programs\Python\Python311\Lib\site-packages\sklearn\linear_model\_logistic.py:469: ConvergenceWarning: lbfgs failed to converge (status=1):
STOP: TOTAL NO. of ITERATIONS REACHED LIMIT.

Increase the number of iterations (max_iter) or scale the data as shown in:
    https://scikit-learn.org/stable/modules/preprocessing.html
Please also refer to the documentation for alternative solver options:
    https://scikit-learn.org/stable/modules/linear_model.html#logistic-regression
  n_iter_i = _check_optimize_result(

2025-05-26 20:33:55,180:WARNING:C:\Users\User\AppData\Local\Programs\Python\Python311\Lib\site-packages\sklearn\linear_model\_logistic.py:469: ConvergenceWarning: lbfgs failed to converge (status=1):
STOP: TOTAL NO. of ITERATIONS REACHED LIMIT.

Increase the number of iterations (max_iter) or scale the data as shown in:
    https://scikit-learn.org/stable/modules/preprocessing.html
Please also refer to the documentation for alternative solver options:
    https://scikit-learn.org/stable/modules/linear_model.html#logistic-regression
  n_iter_i = _check_optimize_result(

2025-05-26 20:33:55,232:WARNING:C:\Users\User\AppData\Local\Programs\Python\Python311\Lib\site-packages\sklearn\metrics\_classification.py:1509: UndefinedMetricWarning: Precision is ill-defined and being set to 0.0 due to no predicted samples. Use `zero_division` parameter to control this behavior.
  _warn_prf(average, modifier, f"{metric.capitalize()} is", len(result))

2025-05-26 20:33:55,266:WARNING:C:\Users\User\AppData\Local\Programs\Python\Python311\Lib\site-packages\sklearn\metrics\_classification.py:1509: UndefinedMetricWarning: Precision is ill-defined and being set to 0.0 due to no predicted samples. Use `zero_division` parameter to control this behavior.
  _warn_prf(average, modifier, f"{metric.capitalize()} is", len(result))

2025-05-26 20:33:55,338:WARNING:C:\Users\User\AppData\Local\Programs\Python\Python311\Lib\site-packages\sklearn\linear_model\_logistic.py:469: ConvergenceWarning: lbfgs failed to converge (status=1):
STOP: TOTAL NO. of ITERATIONS REACHED LIMIT.

Increase the number of iterations (max_iter) or scale the data as shown in:
    https://scikit-learn.org/stable/modules/preprocessing.html
Please also refer to the documentation for alternative solver options:
    https://scikit-learn.org/stable/modules/linear_model.html#logistic-regression
  n_iter_i = _check_optimize_result(

2025-05-26 20:33:55,416:WARNING:C:\Users\User\AppData\Local\Programs\Python\Python311\Lib\site-packages\sklearn\metrics\_classification.py:1509: UndefinedMetricWarning: Precision is ill-defined and being set to 0.0 due to no predicted samples. Use `zero_division` parameter to control this behavior.
  _warn_prf(average, modifier, f"{metric.capitalize()} is", len(result))

2025-05-26 20:33:55,430:WARNING:C:\Users\User\AppData\Local\Programs\Python\Python311\Lib\site-packages\sklearn\linear_model\_logistic.py:469: ConvergenceWarning: lbfgs failed to converge (status=1):
STOP: TOTAL NO. of ITERATIONS REACHED LIMIT.

Increase the number of iterations (max_iter) or scale the data as shown in:
    https://scikit-learn.org/stable/modules/preprocessing.html
Please also refer to the documentation for alternative solver options:
    https://scikit-learn.org/stable/modules/linear_model.html#logistic-regression
  n_iter_i = _check_optimize_result(

2025-05-26 20:33:55,470:WARNING:C:\Users\User\AppData\Local\Programs\Python\Python311\Lib\site-packages\sklearn\linear_model\_logistic.py:469: ConvergenceWarning: lbfgs failed to converge (status=1):
STOP: TOTAL NO. of ITERATIONS REACHED LIMIT.

Increase the number of iterations (max_iter) or scale the data as shown in:
    https://scikit-learn.org/stable/modules/preprocessing.html
Please also refer to the documentation for alternative solver options:
    https://scikit-learn.org/stable/modules/linear_model.html#logistic-regression
  n_iter_i = _check_optimize_result(

2025-05-26 20:33:55,502:WARNING:C:\Users\User\AppData\Local\Programs\Python\Python311\Lib\site-packages\sklearn\metrics\_classification.py:1509: UndefinedMetricWarning: Precision is ill-defined and being set to 0.0 due to no predicted samples. Use `zero_division` parameter to control this behavior.
  _warn_prf(average, modifier, f"{metric.capitalize()} is", len(result))

2025-05-26 20:33:55,537:WARNING:C:\Users\User\AppData\Local\Programs\Python\Python311\Lib\site-packages\sklearn\metrics\_classification.py:1509: UndefinedMetricWarning: Precision is ill-defined and being set to 0.0 due to no predicted samples. Use `zero_division` parameter to control this behavior.
  _warn_prf(average, modifier, f"{metric.capitalize()} is", len(result))

2025-05-26 20:33:55,729:WARNING:C:\Users\User\AppData\Local\Programs\Python\Python311\Lib\site-packages\sklearn\linear_model\_logistic.py:469: ConvergenceWarning: lbfgs failed to converge (status=1):
STOP: TOTAL NO. of ITERATIONS REACHED LIMIT.

Increase the number of iterations (max_iter) or scale the data as shown in:
    https://scikit-learn.org/stable/modules/preprocessing.html
Please also refer to the documentation for alternative solver options:
    https://scikit-learn.org/stable/modules/linear_model.html#logistic-regression
  n_iter_i = _check_optimize_result(

2025-05-26 20:33:55,779:WARNING:C:\Users\User\AppData\Local\Programs\Python\Python311\Lib\site-packages\sklearn\metrics\_classification.py:1509: UndefinedMetricWarning: Precision is ill-defined and being set to 0.0 due to no predicted samples. Use `zero_division` parameter to control this behavior.
  _warn_prf(average, modifier, f"{metric.capitalize()} is", len(result))

2025-05-26 20:33:55,821:WARNING:C:\Users\User\AppData\Local\Programs\Python\Python311\Lib\site-packages\sklearn\linear_model\_logistic.py:469: ConvergenceWarning: lbfgs failed to converge (status=1):
STOP: TOTAL NO. of ITERATIONS REACHED LIMIT.

Increase the number of iterations (max_iter) or scale the data as shown in:
    https://scikit-learn.org/stable/modules/preprocessing.html
Please also refer to the documentation for alternative solver options:
    https://scikit-learn.org/stable/modules/linear_model.html#logistic-regression
  n_iter_i = _check_optimize_result(

2025-05-26 20:33:55,865:WARNING:C:\Users\User\AppData\Local\Programs\Python\Python311\Lib\site-packages\sklearn\metrics\_classification.py:1509: UndefinedMetricWarning: Precision is ill-defined and being set to 0.0 due to no predicted samples. Use `zero_division` parameter to control this behavior.
  _warn_prf(average, modifier, f"{metric.capitalize()} is", len(result))

2025-05-26 20:33:55,874:INFO:Calculating mean and std
2025-05-26 20:33:55,875:INFO:Creating metrics dataframe
2025-05-26 20:33:55,879:INFO:Uploading results into container
2025-05-26 20:33:55,880:INFO:Uploading model into container now
2025-05-26 20:33:55,881:INFO:_master_model_container: 1
2025-05-26 20:33:55,881:INFO:_display_container: 2
2025-05-26 20:33:55,882:INFO:LogisticRegression(C=1.0, class_weight=None, dual=False, fit_intercept=True,
                   intercept_scaling=1, l1_ratio=None, max_iter=1000,
                   multi_class='auto', n_jobs=None, penalty='l2',
                   random_state=776, solver='lbfgs', tol=0.0001, verbose=0,
                   warm_start=False)
2025-05-26 20:33:55,882:INFO:create_model() successfully completed......................................
2025-05-26 20:33:56,048:INFO:SubProcess create_model() end ==================================
2025-05-26 20:33:56,048:INFO:Creating metrics dataframe
2025-05-26 20:33:56,051:INFO:Initializing K Neighbors Classifier
2025-05-26 20:33:56,051:INFO:Total runtime is 0.23867826064427694 minutes
2025-05-26 20:33:56,051:INFO:SubProcess create_model() called ==================================
2025-05-26 20:33:56,051:INFO:Initializing create_model()
2025-05-26 20:33:56,051:INFO:create_model(self=<pycaret.classification.oop.ClassificationExperiment object at 0x000001F3495C0950>, estimator=knn, fold=StratifiedKFold(n_splits=10, random_state=None, shuffle=False), round=4, cross_validation=True, predict=True, fit_kwargs={}, groups=None, refit=False, probability_threshold=None, experiment_custom_tags=None, verbose=False, system=False, add_to_model_list=True, metrics=None, display=<pycaret.internal.display.display.CommonDisplay object at 0x000001F34A166250>, model_only=True, return_train_score=False, error_score=0.0, kwargs={})
2025-05-26 20:33:56,051:INFO:Checking exceptions
2025-05-26 20:33:56,051:INFO:Importing libraries
2025-05-26 20:33:56,051:INFO:Copying training dataset
2025-05-26 20:33:56,056:INFO:Defining folds
2025-05-26 20:33:56,056:INFO:Declaring metric variables
2025-05-26 20:33:56,056:INFO:Importing untrained model
2025-05-26 20:33:56,057:INFO:K Neighbors Classifier Imported successfully
2025-05-26 20:33:56,057:INFO:Starting cross validation
2025-05-26 20:33:56,060:INFO:Cross validating with StratifiedKFold(n_splits=10, random_state=None, shuffle=False), n_jobs=-1
2025-05-26 20:33:56,414:INFO:Calculating mean and std
2025-05-26 20:33:56,415:INFO:Creating metrics dataframe
2025-05-26 20:33:56,417:INFO:Uploading results into container
2025-05-26 20:33:56,418:INFO:Uploading model into container now
2025-05-26 20:33:56,418:INFO:_master_model_container: 2
2025-05-26 20:33:56,419:INFO:_display_container: 2
2025-05-26 20:33:56,419:INFO:KNeighborsClassifier(algorithm='auto', leaf_size=30, metric='minkowski',
                     metric_params=None, n_jobs=-1, n_neighbors=5, p=2,
                     weights='uniform')
2025-05-26 20:33:56,419:INFO:create_model() successfully completed......................................
2025-05-26 20:33:56,556:INFO:SubProcess create_model() end ==================================
2025-05-26 20:33:56,556:INFO:Creating metrics dataframe
2025-05-26 20:33:56,560:INFO:Initializing Naive Bayes
2025-05-26 20:33:56,560:INFO:Total runtime is 0.2471636732419332 minutes
2025-05-26 20:33:56,561:INFO:SubProcess create_model() called ==================================
2025-05-26 20:33:56,561:INFO:Initializing create_model()
2025-05-26 20:33:56,561:INFO:create_model(self=<pycaret.classification.oop.ClassificationExperiment object at 0x000001F3495C0950>, estimator=nb, fold=StratifiedKFold(n_splits=10, random_state=None, shuffle=False), round=4, cross_validation=True, predict=True, fit_kwargs={}, groups=None, refit=False, probability_threshold=None, experiment_custom_tags=None, verbose=False, system=False, add_to_model_list=True, metrics=None, display=<pycaret.internal.display.display.CommonDisplay object at 0x000001F34A166250>, model_only=True, return_train_score=False, error_score=0.0, kwargs={})
2025-05-26 20:33:56,561:INFO:Checking exceptions
2025-05-26 20:33:56,561:INFO:Importing libraries
2025-05-26 20:33:56,561:INFO:Copying training dataset
2025-05-26 20:33:56,568:INFO:Defining folds
2025-05-26 20:33:56,568:INFO:Declaring metric variables
2025-05-26 20:33:56,568:INFO:Importing untrained model
2025-05-26 20:33:56,568:INFO:Naive Bayes Imported successfully
2025-05-26 20:33:56,569:INFO:Starting cross validation
2025-05-26 20:33:56,570:INFO:Cross validating with StratifiedKFold(n_splits=10, random_state=None, shuffle=False), n_jobs=-1
2025-05-26 20:33:56,787:WARNING:C:\Users\User\AppData\Local\Programs\Python\Python311\Lib\site-packages\sklearn\metrics\_classification.py:1509: UndefinedMetricWarning: Precision is ill-defined and being set to 0.0 due to no predicted samples. Use `zero_division` parameter to control this behavior.
  _warn_prf(average, modifier, f"{metric.capitalize()} is", len(result))

2025-05-26 20:33:56,796:WARNING:C:\Users\User\AppData\Local\Programs\Python\Python311\Lib\site-packages\sklearn\metrics\_classification.py:1509: UndefinedMetricWarning: Precision is ill-defined and being set to 0.0 due to no predicted samples. Use `zero_division` parameter to control this behavior.
  _warn_prf(average, modifier, f"{metric.capitalize()} is", len(result))

2025-05-26 20:33:56,809:WARNING:C:\Users\User\AppData\Local\Programs\Python\Python311\Lib\site-packages\sklearn\metrics\_classification.py:1509: UndefinedMetricWarning: Precision is ill-defined and being set to 0.0 due to no predicted samples. Use `zero_division` parameter to control this behavior.
  _warn_prf(average, modifier, f"{metric.capitalize()} is", len(result))

2025-05-26 20:33:56,835:WARNING:C:\Users\User\AppData\Local\Programs\Python\Python311\Lib\site-packages\sklearn\metrics\_classification.py:1509: UndefinedMetricWarning: Precision is ill-defined and being set to 0.0 due to no predicted samples. Use `zero_division` parameter to control this behavior.
  _warn_prf(average, modifier, f"{metric.capitalize()} is", len(result))

2025-05-26 20:33:56,842:WARNING:C:\Users\User\AppData\Local\Programs\Python\Python311\Lib\site-packages\sklearn\metrics\_classification.py:1509: UndefinedMetricWarning: Precision is ill-defined and being set to 0.0 due to no predicted samples. Use `zero_division` parameter to control this behavior.
  _warn_prf(average, modifier, f"{metric.capitalize()} is", len(result))

2025-05-26 20:33:56,898:WARNING:C:\Users\User\AppData\Local\Programs\Python\Python311\Lib\site-packages\sklearn\metrics\_classification.py:1509: UndefinedMetricWarning: Precision is ill-defined and being set to 0.0 due to no predicted samples. Use `zero_division` parameter to control this behavior.
  _warn_prf(average, modifier, f"{metric.capitalize()} is", len(result))

2025-05-26 20:33:56,929:INFO:Calculating mean and std
2025-05-26 20:33:56,930:INFO:Creating metrics dataframe
2025-05-26 20:33:56,933:INFO:Uploading results into container
2025-05-26 20:33:56,934:INFO:Uploading model into container now
2025-05-26 20:33:56,934:INFO:_master_model_container: 3
2025-05-26 20:33:56,934:INFO:_display_container: 2
2025-05-26 20:33:56,935:INFO:GaussianNB(priors=None, var_smoothing=1e-09)
2025-05-26 20:33:56,935:INFO:create_model() successfully completed......................................
2025-05-26 20:33:57,068:INFO:SubProcess create_model() end ==================================
2025-05-26 20:33:57,068:INFO:Creating metrics dataframe
2025-05-26 20:33:57,071:INFO:Initializing Decision Tree Classifier
2025-05-26 20:33:57,071:INFO:Total runtime is 0.25567838350931804 minutes
2025-05-26 20:33:57,071:INFO:SubProcess create_model() called ==================================
2025-05-26 20:33:57,071:INFO:Initializing create_model()
2025-05-26 20:33:57,071:INFO:create_model(self=<pycaret.classification.oop.ClassificationExperiment object at 0x000001F3495C0950>, estimator=dt, fold=StratifiedKFold(n_splits=10, random_state=None, shuffle=False), round=4, cross_validation=True, predict=True, fit_kwargs={}, groups=None, refit=False, probability_threshold=None, experiment_custom_tags=None, verbose=False, system=False, add_to_model_list=True, metrics=None, display=<pycaret.internal.display.display.CommonDisplay object at 0x000001F34A166250>, model_only=True, return_train_score=False, error_score=0.0, kwargs={})
2025-05-26 20:33:57,071:INFO:Checking exceptions
2025-05-26 20:33:57,071:INFO:Importing libraries
2025-05-26 20:33:57,071:INFO:Copying training dataset
2025-05-26 20:33:57,077:INFO:Defining folds
2025-05-26 20:33:57,077:INFO:Declaring metric variables
2025-05-26 20:33:57,077:INFO:Importing untrained model
2025-05-26 20:33:57,077:INFO:Decision Tree Classifier Imported successfully
2025-05-26 20:33:57,077:INFO:Starting cross validation
2025-05-26 20:33:57,079:INFO:Cross validating with StratifiedKFold(n_splits=10, random_state=None, shuffle=False), n_jobs=-1
2025-05-26 20:33:57,448:INFO:Calculating mean and std
2025-05-26 20:33:57,450:INFO:Creating metrics dataframe
2025-05-26 20:33:57,453:INFO:Uploading results into container
2025-05-26 20:33:57,454:INFO:Uploading model into container now
2025-05-26 20:33:57,455:INFO:_master_model_container: 4
2025-05-26 20:33:57,455:INFO:_display_container: 2
2025-05-26 20:33:57,455:INFO:DecisionTreeClassifier(ccp_alpha=0.0, class_weight=None, criterion='gini',
                       max_depth=None, max_features=None, max_leaf_nodes=None,
                       min_impurity_decrease=0.0, min_samples_leaf=1,
                       min_samples_split=2, min_weight_fraction_leaf=0.0,
                       monotonic_cst=None, random_state=776, splitter='best')
2025-05-26 20:33:57,456:INFO:create_model() successfully completed......................................
2025-05-26 20:33:57,585:INFO:SubProcess create_model() end ==================================
2025-05-26 20:33:57,585:INFO:Creating metrics dataframe
2025-05-26 20:33:57,589:INFO:Initializing SVM - Linear Kernel
2025-05-26 20:33:57,589:INFO:Total runtime is 0.26431585947672526 minutes
2025-05-26 20:33:57,589:INFO:SubProcess create_model() called ==================================
2025-05-26 20:33:57,590:INFO:Initializing create_model()
2025-05-26 20:33:57,590:INFO:create_model(self=<pycaret.classification.oop.ClassificationExperiment object at 0x000001F3495C0950>, estimator=svm, fold=StratifiedKFold(n_splits=10, random_state=None, shuffle=False), round=4, cross_validation=True, predict=True, fit_kwargs={}, groups=None, refit=False, probability_threshold=None, experiment_custom_tags=None, verbose=False, system=False, add_to_model_list=True, metrics=None, display=<pycaret.internal.display.display.CommonDisplay object at 0x000001F34A166250>, model_only=True, return_train_score=False, error_score=0.0, kwargs={})
2025-05-26 20:33:57,590:INFO:Checking exceptions
2025-05-26 20:33:57,590:INFO:Importing libraries
2025-05-26 20:33:57,590:INFO:Copying training dataset
2025-05-26 20:33:57,597:INFO:Defining folds
2025-05-26 20:33:57,597:INFO:Declaring metric variables
2025-05-26 20:33:57,597:INFO:Importing untrained model
2025-05-26 20:33:57,597:INFO:SVM - Linear Kernel Imported successfully
2025-05-26 20:33:57,597:INFO:Starting cross validation
2025-05-26 20:33:57,600:INFO:Cross validating with StratifiedKFold(n_splits=10, random_state=None, shuffle=False), n_jobs=-1
2025-05-26 20:33:57,762:WARNING:C:\Users\User\AppData\Local\Programs\Python\Python311\Lib\site-packages\sklearn\metrics\_classification.py:1509: UndefinedMetricWarning: Precision is ill-defined and being set to 0.0 due to no predicted samples. Use `zero_division` parameter to control this behavior.
  _warn_prf(average, modifier, f"{metric.capitalize()} is", len(result))

2025-05-26 20:33:57,781:WARNING:C:\Users\User\AppData\Local\Programs\Python\Python311\Lib\site-packages\sklearn\metrics\_classification.py:1509: UndefinedMetricWarning: Precision is ill-defined and being set to 0.0 due to no predicted samples. Use `zero_division` parameter to control this behavior.
  _warn_prf(average, modifier, f"{metric.capitalize()} is", len(result))

2025-05-26 20:33:57,801:WARNING:C:\Users\User\AppData\Local\Programs\Python\Python311\Lib\site-packages\sklearn\metrics\_classification.py:1509: UndefinedMetricWarning: Precision is ill-defined and being set to 0.0 due to no predicted samples. Use `zero_division` parameter to control this behavior.
  _warn_prf(average, modifier, f"{metric.capitalize()} is", len(result))

2025-05-26 20:33:57,812:WARNING:C:\Users\User\AppData\Local\Programs\Python\Python311\Lib\site-packages\sklearn\metrics\_classification.py:1509: UndefinedMetricWarning: Precision is ill-defined and being set to 0.0 due to no predicted samples. Use `zero_division` parameter to control this behavior.
  _warn_prf(average, modifier, f"{metric.capitalize()} is", len(result))

2025-05-26 20:33:57,900:WARNING:C:\Users\User\AppData\Local\Programs\Python\Python311\Lib\site-packages\sklearn\metrics\_classification.py:1509: UndefinedMetricWarning: Precision is ill-defined and being set to 0.0 due to no predicted samples. Use `zero_division` parameter to control this behavior.
  _warn_prf(average, modifier, f"{metric.capitalize()} is", len(result))

2025-05-26 20:33:57,912:INFO:Calculating mean and std
2025-05-26 20:33:57,912:INFO:Creating metrics dataframe
2025-05-26 20:33:57,915:INFO:Uploading results into container
2025-05-26 20:33:57,915:INFO:Uploading model into container now
2025-05-26 20:33:57,916:INFO:_master_model_container: 5
2025-05-26 20:33:57,916:INFO:_display_container: 2
2025-05-26 20:33:57,916:INFO:SGDClassifier(alpha=0.0001, average=False, class_weight=None,
              early_stopping=False, epsilon=0.1, eta0=0.001, fit_intercept=True,
              l1_ratio=0.15, learning_rate='optimal', loss='hinge',
              max_iter=1000, n_iter_no_change=5, n_jobs=-1, penalty='l2',
              power_t=0.5, random_state=776, shuffle=True, tol=0.001,
              validation_fraction=0.1, verbose=0, warm_start=False)
2025-05-26 20:33:57,916:INFO:create_model() successfully completed......................................
2025-05-26 20:33:58,060:INFO:SubProcess create_model() end ==================================
2025-05-26 20:33:58,061:INFO:Creating metrics dataframe
2025-05-26 20:33:58,065:INFO:Initializing Ridge Classifier
2025-05-26 20:33:58,065:INFO:Total runtime is 0.27224040031433105 minutes
2025-05-26 20:33:58,065:INFO:SubProcess create_model() called ==================================
2025-05-26 20:33:58,065:INFO:Initializing create_model()
2025-05-26 20:33:58,066:INFO:create_model(self=<pycaret.classification.oop.ClassificationExperiment object at 0x000001F3495C0950>, estimator=ridge, fold=StratifiedKFold(n_splits=10, random_state=None, shuffle=False), round=4, cross_validation=True, predict=True, fit_kwargs={}, groups=None, refit=False, probability_threshold=None, experiment_custom_tags=None, verbose=False, system=False, add_to_model_list=True, metrics=None, display=<pycaret.internal.display.display.CommonDisplay object at 0x000001F34A166250>, model_only=True, return_train_score=False, error_score=0.0, kwargs={})
2025-05-26 20:33:58,066:INFO:Checking exceptions
2025-05-26 20:33:58,066:INFO:Importing libraries
2025-05-26 20:33:58,066:INFO:Copying training dataset
2025-05-26 20:33:58,069:INFO:Defining folds
2025-05-26 20:33:58,069:INFO:Declaring metric variables
2025-05-26 20:33:58,070:INFO:Importing untrained model
2025-05-26 20:33:58,070:INFO:Ridge Classifier Imported successfully
2025-05-26 20:33:58,070:INFO:Starting cross validation
2025-05-26 20:33:58,073:INFO:Cross validating with StratifiedKFold(n_splits=10, random_state=None, shuffle=False), n_jobs=-1
2025-05-26 20:33:58,228:WARNING:C:\Users\User\AppData\Local\Programs\Python\Python311\Lib\site-packages\sklearn\metrics\_classification.py:1509: UndefinedMetricWarning: Precision is ill-defined and being set to 0.0 due to no predicted samples. Use `zero_division` parameter to control this behavior.
  _warn_prf(average, modifier, f"{metric.capitalize()} is", len(result))

2025-05-26 20:33:58,228:WARNING:C:\Users\User\AppData\Local\Programs\Python\Python311\Lib\site-packages\sklearn\metrics\_classification.py:1509: UndefinedMetricWarning: Precision is ill-defined and being set to 0.0 due to no predicted samples. Use `zero_division` parameter to control this behavior.
  _warn_prf(average, modifier, f"{metric.capitalize()} is", len(result))

2025-05-26 20:33:58,230:WARNING:C:\Users\User\AppData\Local\Programs\Python\Python311\Lib\site-packages\sklearn\metrics\_classification.py:1509: UndefinedMetricWarning: Precision is ill-defined and being set to 0.0 due to no predicted samples. Use `zero_division` parameter to control this behavior.
  _warn_prf(average, modifier, f"{metric.capitalize()} is", len(result))

2025-05-26 20:33:58,231:WARNING:C:\Users\User\AppData\Local\Programs\Python\Python311\Lib\site-packages\sklearn\metrics\_classification.py:1509: UndefinedMetricWarning: Precision is ill-defined and being set to 0.0 due to no predicted samples. Use `zero_division` parameter to control this behavior.
  _warn_prf(average, modifier, f"{metric.capitalize()} is", len(result))

2025-05-26 20:33:58,243:WARNING:C:\Users\User\AppData\Local\Programs\Python\Python311\Lib\site-packages\sklearn\metrics\_classification.py:1509: UndefinedMetricWarning: Precision is ill-defined and being set to 0.0 due to no predicted samples. Use `zero_division` parameter to control this behavior.
  _warn_prf(average, modifier, f"{metric.capitalize()} is", len(result))

2025-05-26 20:33:58,247:WARNING:C:\Users\User\AppData\Local\Programs\Python\Python311\Lib\site-packages\sklearn\metrics\_classification.py:1509: UndefinedMetricWarning: Precision is ill-defined and being set to 0.0 due to no predicted samples. Use `zero_division` parameter to control this behavior.
  _warn_prf(average, modifier, f"{metric.capitalize()} is", len(result))

2025-05-26 20:33:58,259:WARNING:C:\Users\User\AppData\Local\Programs\Python\Python311\Lib\site-packages\sklearn\metrics\_classification.py:1509: UndefinedMetricWarning: Precision is ill-defined and being set to 0.0 due to no predicted samples. Use `zero_division` parameter to control this behavior.
  _warn_prf(average, modifier, f"{metric.capitalize()} is", len(result))

2025-05-26 20:33:58,266:WARNING:C:\Users\User\AppData\Local\Programs\Python\Python311\Lib\site-packages\sklearn\metrics\_classification.py:1509: UndefinedMetricWarning: Precision is ill-defined and being set to 0.0 due to no predicted samples. Use `zero_division` parameter to control this behavior.
  _warn_prf(average, modifier, f"{metric.capitalize()} is", len(result))

2025-05-26 20:33:58,341:WARNING:C:\Users\User\AppData\Local\Programs\Python\Python311\Lib\site-packages\sklearn\metrics\_classification.py:1509: UndefinedMetricWarning: Precision is ill-defined and being set to 0.0 due to no predicted samples. Use `zero_division` parameter to control this behavior.
  _warn_prf(average, modifier, f"{metric.capitalize()} is", len(result))

2025-05-26 20:33:58,345:WARNING:C:\Users\User\AppData\Local\Programs\Python\Python311\Lib\site-packages\sklearn\metrics\_classification.py:1509: UndefinedMetricWarning: Precision is ill-defined and being set to 0.0 due to no predicted samples. Use `zero_division` parameter to control this behavior.
  _warn_prf(average, modifier, f"{metric.capitalize()} is", len(result))

2025-05-26 20:33:58,358:INFO:Calculating mean and std
2025-05-26 20:33:58,359:INFO:Creating metrics dataframe
2025-05-26 20:33:58,362:INFO:Uploading results into container
2025-05-26 20:33:58,362:INFO:Uploading model into container now
2025-05-26 20:33:58,363:INFO:_master_model_container: 6
2025-05-26 20:33:58,363:INFO:_display_container: 2
2025-05-26 20:33:58,364:INFO:RidgeClassifier(alpha=1.0, class_weight=None, copy_X=True, fit_intercept=True,
                max_iter=None, positive=False, random_state=776, solver='auto',
                tol=0.0001)
2025-05-26 20:33:58,364:INFO:create_model() successfully completed......................................
2025-05-26 20:33:58,489:INFO:SubProcess create_model() end ==================================
2025-05-26 20:33:58,489:INFO:Creating metrics dataframe
2025-05-26 20:33:58,493:INFO:Initializing Random Forest Classifier
2025-05-26 20:33:58,493:INFO:Total runtime is 0.2793762882550557 minutes
2025-05-26 20:33:58,493:INFO:SubProcess create_model() called ==================================
2025-05-26 20:33:58,493:INFO:Initializing create_model()
2025-05-26 20:33:58,493:INFO:create_model(self=<pycaret.classification.oop.ClassificationExperiment object at 0x000001F3495C0950>, estimator=rf, fold=StratifiedKFold(n_splits=10, random_state=None, shuffle=False), round=4, cross_validation=True, predict=True, fit_kwargs={}, groups=None, refit=False, probability_threshold=None, experiment_custom_tags=None, verbose=False, system=False, add_to_model_list=True, metrics=None, display=<pycaret.internal.display.display.CommonDisplay object at 0x000001F34A166250>, model_only=True, return_train_score=False, error_score=0.0, kwargs={})
2025-05-26 20:33:58,493:INFO:Checking exceptions
2025-05-26 20:33:58,493:INFO:Importing libraries
2025-05-26 20:33:58,493:INFO:Copying training dataset
2025-05-26 20:33:58,499:INFO:Defining folds
2025-05-26 20:33:58,500:INFO:Declaring metric variables
2025-05-26 20:33:58,500:INFO:Importing untrained model
2025-05-26 20:33:58,501:INFO:Random Forest Classifier Imported successfully
2025-05-26 20:33:58,501:INFO:Starting cross validation
2025-05-26 20:33:58,503:INFO:Cross validating with StratifiedKFold(n_splits=10, random_state=None, shuffle=False), n_jobs=-1
2025-05-26 20:33:59,231:WARNING:C:\Users\User\AppData\Local\Programs\Python\Python311\Lib\site-packages\sklearn\metrics\_classification.py:1509: UndefinedMetricWarning: Precision is ill-defined and being set to 0.0 due to no predicted samples. Use `zero_division` parameter to control this behavior.
  _warn_prf(average, modifier, f"{metric.capitalize()} is", len(result))

2025-05-26 20:33:59,471:WARNING:C:\Users\User\AppData\Local\Programs\Python\Python311\Lib\site-packages\sklearn\metrics\_classification.py:1509: UndefinedMetricWarning: Precision is ill-defined and being set to 0.0 due to no predicted samples. Use `zero_division` parameter to control this behavior.
  _warn_prf(average, modifier, f"{metric.capitalize()} is", len(result))

2025-05-26 20:33:59,751:WARNING:C:\Users\User\AppData\Local\Programs\Python\Python311\Lib\site-packages\sklearn\metrics\_classification.py:1509: UndefinedMetricWarning: Precision is ill-defined and being set to 0.0 due to no predicted samples. Use `zero_division` parameter to control this behavior.
  _warn_prf(average, modifier, f"{metric.capitalize()} is", len(result))

2025-05-26 20:33:59,764:INFO:Calculating mean and std
2025-05-26 20:33:59,765:INFO:Creating metrics dataframe
2025-05-26 20:33:59,768:INFO:Uploading results into container
2025-05-26 20:33:59,768:INFO:Uploading model into container now
2025-05-26 20:33:59,769:INFO:_master_model_container: 7
2025-05-26 20:33:59,769:INFO:_display_container: 2
2025-05-26 20:33:59,770:INFO:RandomForestClassifier(bootstrap=True, ccp_alpha=0.0, class_weight=None,
                       criterion='gini', max_depth=None, max_features='sqrt',
                       max_leaf_nodes=None, max_samples=None,
                       min_impurity_decrease=0.0, min_samples_leaf=1,
                       min_samples_split=2, min_weight_fraction_leaf=0.0,
                       monotonic_cst=None, n_estimators=100, n_jobs=-1,
                       oob_score=False, random_state=776, verbose=0,
                       warm_start=False)
2025-05-26 20:33:59,770:INFO:create_model() successfully completed......................................
2025-05-26 20:33:59,887:INFO:SubProcess create_model() end ==================================
2025-05-26 20:33:59,887:INFO:Creating metrics dataframe
2025-05-26 20:33:59,889:INFO:Initializing Quadratic Discriminant Analysis
2025-05-26 20:33:59,889:INFO:Total runtime is 0.3026461879412333 minutes
2025-05-26 20:33:59,890:INFO:SubProcess create_model() called ==================================
2025-05-26 20:33:59,890:INFO:Initializing create_model()
2025-05-26 20:33:59,890:INFO:create_model(self=<pycaret.classification.oop.ClassificationExperiment object at 0x000001F3495C0950>, estimator=qda, fold=StratifiedKFold(n_splits=10, random_state=None, shuffle=False), round=4, cross_validation=True, predict=True, fit_kwargs={}, groups=None, refit=False, probability_threshold=None, experiment_custom_tags=None, verbose=False, system=False, add_to_model_list=True, metrics=None, display=<pycaret.internal.display.display.CommonDisplay object at 0x000001F34A166250>, model_only=True, return_train_score=False, error_score=0.0, kwargs={})
2025-05-26 20:33:59,890:INFO:Checking exceptions
2025-05-26 20:33:59,890:INFO:Importing libraries
2025-05-26 20:33:59,890:INFO:Copying training dataset
2025-05-26 20:33:59,895:INFO:Defining folds
2025-05-26 20:33:59,895:INFO:Declaring metric variables
2025-05-26 20:33:59,895:INFO:Importing untrained model
2025-05-26 20:33:59,895:INFO:Quadratic Discriminant Analysis Imported successfully
2025-05-26 20:33:59,895:INFO:Starting cross validation
2025-05-26 20:33:59,897:INFO:Cross validating with StratifiedKFold(n_splits=10, random_state=None, shuffle=False), n_jobs=-1
2025-05-26 20:34:00,031:WARNING:C:\Users\User\AppData\Local\Programs\Python\Python311\Lib\site-packages\sklearn\discriminant_analysis.py:935: UserWarning: Variables are collinear
  warnings.warn("Variables are collinear")

2025-05-26 20:34:00,031:WARNING:C:\Users\User\AppData\Local\Programs\Python\Python311\Lib\site-packages\sklearn\discriminant_analysis.py:935: UserWarning: Variables are collinear
  warnings.warn("Variables are collinear")

2025-05-26 20:34:00,031:WARNING:C:\Users\User\AppData\Local\Programs\Python\Python311\Lib\site-packages\sklearn\discriminant_analysis.py:935: UserWarning: Variables are collinear
  warnings.warn("Variables are collinear")

2025-05-26 20:34:00,032:WARNING:C:\Users\User\AppData\Local\Programs\Python\Python311\Lib\site-packages\sklearn\discriminant_analysis.py:935: UserWarning: Variables are collinear
  warnings.warn("Variables are collinear")

2025-05-26 20:34:00,050:WARNING:C:\Users\User\AppData\Local\Programs\Python\Python311\Lib\site-packages\sklearn\discriminant_analysis.py:935: UserWarning: Variables are collinear
  warnings.warn("Variables are collinear")

2025-05-26 20:34:00,066:WARNING:C:\Users\User\AppData\Local\Programs\Python\Python311\Lib\site-packages\sklearn\discriminant_analysis.py:935: UserWarning: Variables are collinear
  warnings.warn("Variables are collinear")

2025-05-26 20:34:00,067:WARNING:C:\Users\User\AppData\Local\Programs\Python\Python311\Lib\site-packages\sklearn\discriminant_analysis.py:935: UserWarning: Variables are collinear
  warnings.warn("Variables are collinear")

2025-05-26 20:34:00,209:WARNING:C:\Users\User\AppData\Local\Programs\Python\Python311\Lib\site-packages\sklearn\discriminant_analysis.py:935: UserWarning: Variables are collinear
  warnings.warn("Variables are collinear")

2025-05-26 20:34:00,228:WARNING:C:\Users\User\AppData\Local\Programs\Python\Python311\Lib\site-packages\sklearn\discriminant_analysis.py:935: UserWarning: Variables are collinear
  warnings.warn("Variables are collinear")

2025-05-26 20:34:00,281:INFO:Calculating mean and std
2025-05-26 20:34:00,282:INFO:Creating metrics dataframe
2025-05-26 20:34:00,284:INFO:Uploading results into container
2025-05-26 20:34:00,285:INFO:Uploading model into container now
2025-05-26 20:34:00,285:INFO:_master_model_container: 8
2025-05-26 20:34:00,285:INFO:_display_container: 2
2025-05-26 20:34:00,286:INFO:QuadraticDiscriminantAnalysis(priors=None, reg_param=0.0,
                              store_covariance=False, tol=0.0001)
2025-05-26 20:34:00,286:INFO:create_model() successfully completed......................................
2025-05-26 20:34:00,422:INFO:SubProcess create_model() end ==================================
2025-05-26 20:34:00,422:INFO:Creating metrics dataframe
2025-05-26 20:34:00,426:INFO:Initializing Ada Boost Classifier
2025-05-26 20:34:00,426:INFO:Total runtime is 0.311586864789327 minutes
2025-05-26 20:34:00,426:INFO:SubProcess create_model() called ==================================
2025-05-26 20:34:00,427:INFO:Initializing create_model()
2025-05-26 20:34:00,427:INFO:create_model(self=<pycaret.classification.oop.ClassificationExperiment object at 0x000001F3495C0950>, estimator=ada, fold=StratifiedKFold(n_splits=10, random_state=None, shuffle=False), round=4, cross_validation=True, predict=True, fit_kwargs={}, groups=None, refit=False, probability_threshold=None, experiment_custom_tags=None, verbose=False, system=False, add_to_model_list=True, metrics=None, display=<pycaret.internal.display.display.CommonDisplay object at 0x000001F34A166250>, model_only=True, return_train_score=False, error_score=0.0, kwargs={})
2025-05-26 20:34:00,427:INFO:Checking exceptions
2025-05-26 20:34:00,427:INFO:Importing libraries
2025-05-26 20:34:00,427:INFO:Copying training dataset
2025-05-26 20:34:00,431:INFO:Defining folds
2025-05-26 20:34:00,431:INFO:Declaring metric variables
2025-05-26 20:34:00,431:INFO:Importing untrained model
2025-05-26 20:34:00,431:INFO:Ada Boost Classifier Imported successfully
2025-05-26 20:34:00,432:INFO:Starting cross validation
2025-05-26 20:34:00,433:INFO:Cross validating with StratifiedKFold(n_splits=10, random_state=None, shuffle=False), n_jobs=-1
2025-05-26 20:34:00,571:WARNING:C:\Users\User\AppData\Local\Programs\Python\Python311\Lib\site-packages\sklearn\ensemble\_weight_boosting.py:519: FutureWarning: The SAMME.R algorithm (the default) is deprecated and will be removed in 1.6. Use the SAMME algorithm to circumvent this warning.
  warnings.warn(

2025-05-26 20:34:00,571:WARNING:C:\Users\User\AppData\Local\Programs\Python\Python311\Lib\site-packages\sklearn\ensemble\_weight_boosting.py:519: FutureWarning: The SAMME.R algorithm (the default) is deprecated and will be removed in 1.6. Use the SAMME algorithm to circumvent this warning.
  warnings.warn(

2025-05-26 20:34:00,572:WARNING:C:\Users\User\AppData\Local\Programs\Python\Python311\Lib\site-packages\sklearn\ensemble\_weight_boosting.py:519: FutureWarning: The SAMME.R algorithm (the default) is deprecated and will be removed in 1.6. Use the SAMME algorithm to circumvent this warning.
  warnings.warn(

2025-05-26 20:34:00,979:WARNING:C:\Users\User\AppData\Local\Programs\Python\Python311\Lib\site-packages\sklearn\ensemble\_weight_boosting.py:519: FutureWarning: The SAMME.R algorithm (the default) is deprecated and will be removed in 1.6. Use the SAMME algorithm to circumvent this warning.
  warnings.warn(

2025-05-26 20:34:00,986:WARNING:C:\Users\User\AppData\Local\Programs\Python\Python311\Lib\site-packages\sklearn\ensemble\_weight_boosting.py:519: FutureWarning: The SAMME.R algorithm (the default) is deprecated and will be removed in 1.6. Use the SAMME algorithm to circumvent this warning.
  warnings.warn(

2025-05-26 20:34:01,183:INFO:Calculating mean and std
2025-05-26 20:34:01,183:INFO:Creating metrics dataframe
2025-05-26 20:34:01,186:INFO:Uploading results into container
2025-05-26 20:34:01,187:INFO:Uploading model into container now
2025-05-26 20:34:01,187:INFO:_master_model_container: 9
2025-05-26 20:34:01,187:INFO:_display_container: 2
2025-05-26 20:34:01,189:INFO:AdaBoostClassifier(algorithm='SAMME.R', estimator=None, learning_rate=1.0,
                   n_estimators=50, random_state=776)
2025-05-26 20:34:01,189:INFO:create_model() successfully completed......................................
2025-05-26 20:34:01,313:INFO:SubProcess create_model() end ==================================
2025-05-26 20:34:01,314:INFO:Creating metrics dataframe
2025-05-26 20:34:01,318:INFO:Initializing Gradient Boosting Classifier
2025-05-26 20:34:01,318:INFO:Total runtime is 0.32645282347997034 minutes
2025-05-26 20:34:01,318:INFO:SubProcess create_model() called ==================================
2025-05-26 20:34:01,318:INFO:Initializing create_model()
2025-05-26 20:34:01,318:INFO:create_model(self=<pycaret.classification.oop.ClassificationExperiment object at 0x000001F3495C0950>, estimator=gbc, fold=StratifiedKFold(n_splits=10, random_state=None, shuffle=False), round=4, cross_validation=True, predict=True, fit_kwargs={}, groups=None, refit=False, probability_threshold=None, experiment_custom_tags=None, verbose=False, system=False, add_to_model_list=True, metrics=None, display=<pycaret.internal.display.display.CommonDisplay object at 0x000001F34A166250>, model_only=True, return_train_score=False, error_score=0.0, kwargs={})
2025-05-26 20:34:01,318:INFO:Checking exceptions
2025-05-26 20:34:01,318:INFO:Importing libraries
2025-05-26 20:34:01,318:INFO:Copying training dataset
2025-05-26 20:34:01,322:INFO:Defining folds
2025-05-26 20:34:01,322:INFO:Declaring metric variables
2025-05-26 20:34:01,323:INFO:Importing untrained model
2025-05-26 20:34:01,324:INFO:Gradient Boosting Classifier Imported successfully
2025-05-26 20:34:01,324:INFO:Starting cross validation
2025-05-26 20:34:01,325:INFO:Cross validating with StratifiedKFold(n_splits=10, random_state=None, shuffle=False), n_jobs=-1
2025-05-26 20:34:02,218:INFO:Calculating mean and std
2025-05-26 20:34:02,219:INFO:Creating metrics dataframe
2025-05-26 20:34:02,222:INFO:Uploading results into container
2025-05-26 20:34:02,223:INFO:Uploading model into container now
2025-05-26 20:34:02,223:INFO:_master_model_container: 10
2025-05-26 20:34:02,223:INFO:_display_container: 2
2025-05-26 20:34:02,224:INFO:GradientBoostingClassifier(ccp_alpha=0.0, criterion='friedman_mse', init=None,
                           learning_rate=0.1, loss='log_loss', max_depth=3,
                           max_features=None, max_leaf_nodes=None,
                           min_impurity_decrease=0.0, min_samples_leaf=1,
                           min_samples_split=2, min_weight_fraction_leaf=0.0,
                           n_estimators=100, n_iter_no_change=None,
                           random_state=776, subsample=1.0, tol=0.0001,
                           validation_fraction=0.1, verbose=0,
                           warm_start=False)
2025-05-26 20:34:02,224:INFO:create_model() successfully completed......................................
2025-05-26 20:34:02,345:INFO:SubProcess create_model() end ==================================
2025-05-26 20:34:02,345:INFO:Creating metrics dataframe
2025-05-26 20:34:02,348:INFO:Initializing Linear Discriminant Analysis
2025-05-26 20:34:02,348:INFO:Total runtime is 0.34362824360529587 minutes
2025-05-26 20:34:02,349:INFO:SubProcess create_model() called ==================================
2025-05-26 20:34:02,349:INFO:Initializing create_model()
2025-05-26 20:34:02,349:INFO:create_model(self=<pycaret.classification.oop.ClassificationExperiment object at 0x000001F3495C0950>, estimator=lda, fold=StratifiedKFold(n_splits=10, random_state=None, shuffle=False), round=4, cross_validation=True, predict=True, fit_kwargs={}, groups=None, refit=False, probability_threshold=None, experiment_custom_tags=None, verbose=False, system=False, add_to_model_list=True, metrics=None, display=<pycaret.internal.display.display.CommonDisplay object at 0x000001F34A166250>, model_only=True, return_train_score=False, error_score=0.0, kwargs={})
2025-05-26 20:34:02,349:INFO:Checking exceptions
2025-05-26 20:34:02,349:INFO:Importing libraries
2025-05-26 20:34:02,349:INFO:Copying training dataset
2025-05-26 20:34:02,354:INFO:Defining folds
2025-05-26 20:34:02,354:INFO:Declaring metric variables
2025-05-26 20:34:02,354:INFO:Importing untrained model
2025-05-26 20:34:02,354:INFO:Linear Discriminant Analysis Imported successfully
2025-05-26 20:34:02,355:INFO:Starting cross validation
2025-05-26 20:34:02,356:INFO:Cross validating with StratifiedKFold(n_splits=10, random_state=None, shuffle=False), n_jobs=-1
2025-05-26 20:34:02,514:WARNING:C:\Users\User\AppData\Local\Programs\Python\Python311\Lib\site-packages\sklearn\metrics\_classification.py:1509: UndefinedMetricWarning: Precision is ill-defined and being set to 0.0 due to no predicted samples. Use `zero_division` parameter to control this behavior.
  _warn_prf(average, modifier, f"{metric.capitalize()} is", len(result))

2025-05-26 20:34:02,515:WARNING:C:\Users\User\AppData\Local\Programs\Python\Python311\Lib\site-packages\sklearn\metrics\_classification.py:1509: UndefinedMetricWarning: Precision is ill-defined and being set to 0.0 due to no predicted samples. Use `zero_division` parameter to control this behavior.
  _warn_prf(average, modifier, f"{metric.capitalize()} is", len(result))

2025-05-26 20:34:02,521:WARNING:C:\Users\User\AppData\Local\Programs\Python\Python311\Lib\site-packages\sklearn\metrics\_classification.py:1509: UndefinedMetricWarning: Precision is ill-defined and being set to 0.0 due to no predicted samples. Use `zero_division` parameter to control this behavior.
  _warn_prf(average, modifier, f"{metric.capitalize()} is", len(result))

2025-05-26 20:34:02,527:WARNING:C:\Users\User\AppData\Local\Programs\Python\Python311\Lib\site-packages\sklearn\metrics\_classification.py:1509: UndefinedMetricWarning: Precision is ill-defined and being set to 0.0 due to no predicted samples. Use `zero_division` parameter to control this behavior.
  _warn_prf(average, modifier, f"{metric.capitalize()} is", len(result))

2025-05-26 20:34:02,534:WARNING:C:\Users\User\AppData\Local\Programs\Python\Python311\Lib\site-packages\sklearn\metrics\_classification.py:1509: UndefinedMetricWarning: Precision is ill-defined and being set to 0.0 due to no predicted samples. Use `zero_division` parameter to control this behavior.
  _warn_prf(average, modifier, f"{metric.capitalize()} is", len(result))

2025-05-26 20:34:02,550:WARNING:C:\Users\User\AppData\Local\Programs\Python\Python311\Lib\site-packages\sklearn\metrics\_classification.py:1509: UndefinedMetricWarning: Precision is ill-defined and being set to 0.0 due to no predicted samples. Use `zero_division` parameter to control this behavior.
  _warn_prf(average, modifier, f"{metric.capitalize()} is", len(result))

2025-05-26 20:34:02,550:WARNING:C:\Users\User\AppData\Local\Programs\Python\Python311\Lib\site-packages\sklearn\metrics\_classification.py:1509: UndefinedMetricWarning: Precision is ill-defined and being set to 0.0 due to no predicted samples. Use `zero_division` parameter to control this behavior.
  _warn_prf(average, modifier, f"{metric.capitalize()} is", len(result))

2025-05-26 20:34:02,631:WARNING:C:\Users\User\AppData\Local\Programs\Python\Python311\Lib\site-packages\sklearn\metrics\_classification.py:1509: UndefinedMetricWarning: Precision is ill-defined and being set to 0.0 due to no predicted samples. Use `zero_division` parameter to control this behavior.
  _warn_prf(average, modifier, f"{metric.capitalize()} is", len(result))

2025-05-26 20:34:02,634:WARNING:C:\Users\User\AppData\Local\Programs\Python\Python311\Lib\site-packages\sklearn\metrics\_classification.py:1509: UndefinedMetricWarning: Precision is ill-defined and being set to 0.0 due to no predicted samples. Use `zero_division` parameter to control this behavior.
  _warn_prf(average, modifier, f"{metric.capitalize()} is", len(result))

2025-05-26 20:34:02,650:INFO:Calculating mean and std
2025-05-26 20:34:02,651:INFO:Creating metrics dataframe
2025-05-26 20:34:02,653:INFO:Uploading results into container
2025-05-26 20:34:02,653:INFO:Uploading model into container now
2025-05-26 20:34:02,653:INFO:_master_model_container: 11
2025-05-26 20:34:02,653:INFO:_display_container: 2
2025-05-26 20:34:02,654:INFO:LinearDiscriminantAnalysis(covariance_estimator=None, n_components=None,
                           priors=None, shrinkage=None, solver='svd',
                           store_covariance=False, tol=0.0001)
2025-05-26 20:34:02,654:INFO:create_model() successfully completed......................................
2025-05-26 20:34:02,785:INFO:SubProcess create_model() end ==================================
2025-05-26 20:34:02,786:INFO:Creating metrics dataframe
2025-05-26 20:34:02,789:INFO:Initializing Extra Trees Classifier
2025-05-26 20:34:02,790:INFO:Total runtime is 0.35099879503250125 minutes
2025-05-26 20:34:02,790:INFO:SubProcess create_model() called ==================================
2025-05-26 20:34:02,790:INFO:Initializing create_model()
2025-05-26 20:34:02,790:INFO:create_model(self=<pycaret.classification.oop.ClassificationExperiment object at 0x000001F3495C0950>, estimator=et, fold=StratifiedKFold(n_splits=10, random_state=None, shuffle=False), round=4, cross_validation=True, predict=True, fit_kwargs={}, groups=None, refit=False, probability_threshold=None, experiment_custom_tags=None, verbose=False, system=False, add_to_model_list=True, metrics=None, display=<pycaret.internal.display.display.CommonDisplay object at 0x000001F34A166250>, model_only=True, return_train_score=False, error_score=0.0, kwargs={})
2025-05-26 20:34:02,790:INFO:Checking exceptions
2025-05-26 20:34:02,790:INFO:Importing libraries
2025-05-26 20:34:02,791:INFO:Copying training dataset
2025-05-26 20:34:02,797:INFO:Defining folds
2025-05-26 20:34:02,797:INFO:Declaring metric variables
2025-05-26 20:34:02,798:INFO:Importing untrained model
2025-05-26 20:34:02,798:INFO:Extra Trees Classifier Imported successfully
2025-05-26 20:34:02,798:INFO:Starting cross validation
2025-05-26 20:34:02,800:INFO:Cross validating with StratifiedKFold(n_splits=10, random_state=None, shuffle=False), n_jobs=-1
2025-05-26 20:34:03,760:WARNING:C:\Users\User\AppData\Local\Programs\Python\Python311\Lib\site-packages\sklearn\metrics\_classification.py:1509: UndefinedMetricWarning: Precision is ill-defined and being set to 0.0 due to no predicted samples. Use `zero_division` parameter to control this behavior.
  _warn_prf(average, modifier, f"{metric.capitalize()} is", len(result))

2025-05-26 20:34:04,186:INFO:Calculating mean and std
2025-05-26 20:34:04,187:INFO:Creating metrics dataframe
2025-05-26 20:34:04,189:INFO:Uploading results into container
2025-05-26 20:34:04,190:INFO:Uploading model into container now
2025-05-26 20:34:04,190:INFO:_master_model_container: 12
2025-05-26 20:34:04,190:INFO:_display_container: 2
2025-05-26 20:34:04,191:INFO:ExtraTreesClassifier(bootstrap=False, ccp_alpha=0.0, class_weight=None,
                     criterion='gini', max_depth=None, max_features='sqrt',
                     max_leaf_nodes=None, max_samples=None,
                     min_impurity_decrease=0.0, min_samples_leaf=1,
                     min_samples_split=2, min_weight_fraction_leaf=0.0,
                     monotonic_cst=None, n_estimators=100, n_jobs=-1,
                     oob_score=False, random_state=776, verbose=0,
                     warm_start=False)
2025-05-26 20:34:04,191:INFO:create_model() successfully completed......................................
2025-05-26 20:34:04,312:INFO:SubProcess create_model() end ==================================
2025-05-26 20:34:04,312:INFO:Creating metrics dataframe
2025-05-26 20:34:04,315:INFO:Initializing Light Gradient Boosting Machine
2025-05-26 20:34:04,315:INFO:Total runtime is 0.3764174540837606 minutes
2025-05-26 20:34:04,315:INFO:SubProcess create_model() called ==================================
2025-05-26 20:34:04,316:INFO:Initializing create_model()
2025-05-26 20:34:04,316:INFO:create_model(self=<pycaret.classification.oop.ClassificationExperiment object at 0x000001F3495C0950>, estimator=lightgbm, fold=StratifiedKFold(n_splits=10, random_state=None, shuffle=False), round=4, cross_validation=True, predict=True, fit_kwargs={}, groups=None, refit=False, probability_threshold=None, experiment_custom_tags=None, verbose=False, system=False, add_to_model_list=True, metrics=None, display=<pycaret.internal.display.display.CommonDisplay object at 0x000001F34A166250>, model_only=True, return_train_score=False, error_score=0.0, kwargs={})
2025-05-26 20:34:04,316:INFO:Checking exceptions
2025-05-26 20:34:04,316:INFO:Importing libraries
2025-05-26 20:34:04,316:INFO:Copying training dataset
2025-05-26 20:34:04,322:INFO:Defining folds
2025-05-26 20:34:04,323:INFO:Declaring metric variables
2025-05-26 20:34:04,323:INFO:Importing untrained model
2025-05-26 20:34:04,325:INFO:Light Gradient Boosting Machine Imported successfully
2025-05-26 20:34:04,326:INFO:Starting cross validation
2025-05-26 20:34:04,327:INFO:Cross validating with StratifiedKFold(n_splits=10, random_state=None, shuffle=False), n_jobs=-1
2025-05-26 20:34:07,536:INFO:Calculating mean and std
2025-05-26 20:34:07,538:INFO:Creating metrics dataframe
2025-05-26 20:34:07,542:INFO:Uploading results into container
2025-05-26 20:34:07,543:INFO:Uploading model into container now
2025-05-26 20:34:07,544:INFO:_master_model_container: 13
2025-05-26 20:34:07,544:INFO:_display_container: 2
2025-05-26 20:34:07,546:INFO:LGBMClassifier(boosting_type='gbdt', class_weight=None, colsample_bytree=1.0,
               importance_type='split', learning_rate=0.1, max_depth=-1,
               min_child_samples=20, min_child_weight=0.001, min_split_gain=0.0,
               n_estimators=100, n_jobs=-1, num_leaves=31, objective=None,
               random_state=776, reg_alpha=0.0, reg_lambda=0.0, subsample=1.0,
               subsample_for_bin=200000, subsample_freq=0)
2025-05-26 20:34:07,546:INFO:create_model() successfully completed......................................
2025-05-26 20:34:07,710:INFO:SubProcess create_model() end ==================================
2025-05-26 20:34:07,710:INFO:Creating metrics dataframe
2025-05-26 20:34:07,713:INFO:Initializing Dummy Classifier
2025-05-26 20:34:07,713:INFO:Total runtime is 0.4330452601114909 minutes
2025-05-26 20:34:07,713:INFO:SubProcess create_model() called ==================================
2025-05-26 20:34:07,713:INFO:Initializing create_model()
2025-05-26 20:34:07,713:INFO:create_model(self=<pycaret.classification.oop.ClassificationExperiment object at 0x000001F3495C0950>, estimator=dummy, fold=StratifiedKFold(n_splits=10, random_state=None, shuffle=False), round=4, cross_validation=True, predict=True, fit_kwargs={}, groups=None, refit=False, probability_threshold=None, experiment_custom_tags=None, verbose=False, system=False, add_to_model_list=True, metrics=None, display=<pycaret.internal.display.display.CommonDisplay object at 0x000001F34A166250>, model_only=True, return_train_score=False, error_score=0.0, kwargs={})
2025-05-26 20:34:07,713:INFO:Checking exceptions
2025-05-26 20:34:07,713:INFO:Importing libraries
2025-05-26 20:34:07,715:INFO:Copying training dataset
2025-05-26 20:34:07,726:INFO:Defining folds
2025-05-26 20:34:07,726:INFO:Declaring metric variables
2025-05-26 20:34:07,726:INFO:Importing untrained model
2025-05-26 20:34:07,727:INFO:Dummy Classifier Imported successfully
2025-05-26 20:34:07,727:INFO:Starting cross validation
2025-05-26 20:34:07,731:INFO:Cross validating with StratifiedKFold(n_splits=10, random_state=None, shuffle=False), n_jobs=-1
2025-05-26 20:34:07,942:WARNING:C:\Users\User\AppData\Local\Programs\Python\Python311\Lib\site-packages\sklearn\metrics\_classification.py:1509: UndefinedMetricWarning: Precision is ill-defined and being set to 0.0 due to no predicted samples. Use `zero_division` parameter to control this behavior.
  _warn_prf(average, modifier, f"{metric.capitalize()} is", len(result))

2025-05-26 20:34:07,970:WARNING:C:\Users\User\AppData\Local\Programs\Python\Python311\Lib\site-packages\sklearn\metrics\_classification.py:1509: UndefinedMetricWarning: Precision is ill-defined and being set to 0.0 due to no predicted samples. Use `zero_division` parameter to control this behavior.
  _warn_prf(average, modifier, f"{metric.capitalize()} is", len(result))

2025-05-26 20:34:07,979:WARNING:C:\Users\User\AppData\Local\Programs\Python\Python311\Lib\site-packages\sklearn\metrics\_classification.py:1509: UndefinedMetricWarning: Precision is ill-defined and being set to 0.0 due to no predicted samples. Use `zero_division` parameter to control this behavior.
  _warn_prf(average, modifier, f"{metric.capitalize()} is", len(result))

2025-05-26 20:34:07,986:WARNING:C:\Users\User\AppData\Local\Programs\Python\Python311\Lib\site-packages\sklearn\metrics\_classification.py:1509: UndefinedMetricWarning: Precision is ill-defined and being set to 0.0 due to no predicted samples. Use `zero_division` parameter to control this behavior.
  _warn_prf(average, modifier, f"{metric.capitalize()} is", len(result))

2025-05-26 20:34:08,021:WARNING:C:\Users\User\AppData\Local\Programs\Python\Python311\Lib\site-packages\sklearn\metrics\_classification.py:1509: UndefinedMetricWarning: Precision is ill-defined and being set to 0.0 due to no predicted samples. Use `zero_division` parameter to control this behavior.
  _warn_prf(average, modifier, f"{metric.capitalize()} is", len(result))

2025-05-26 20:34:08,024:WARNING:C:\Users\User\AppData\Local\Programs\Python\Python311\Lib\site-packages\sklearn\metrics\_classification.py:1509: UndefinedMetricWarning: Precision is ill-defined and being set to 0.0 due to no predicted samples. Use `zero_division` parameter to control this behavior.
  _warn_prf(average, modifier, f"{metric.capitalize()} is", len(result))

2025-05-26 20:34:08,030:WARNING:C:\Users\User\AppData\Local\Programs\Python\Python311\Lib\site-packages\sklearn\metrics\_classification.py:1509: UndefinedMetricWarning: Precision is ill-defined and being set to 0.0 due to no predicted samples. Use `zero_division` parameter to control this behavior.
  _warn_prf(average, modifier, f"{metric.capitalize()} is", len(result))

2025-05-26 20:34:08,032:WARNING:C:\Users\User\AppData\Local\Programs\Python\Python311\Lib\site-packages\sklearn\metrics\_classification.py:1509: UndefinedMetricWarning: Precision is ill-defined and being set to 0.0 due to no predicted samples. Use `zero_division` parameter to control this behavior.
  _warn_prf(average, modifier, f"{metric.capitalize()} is", len(result))

2025-05-26 20:34:08,109:WARNING:C:\Users\User\AppData\Local\Programs\Python\Python311\Lib\site-packages\sklearn\metrics\_classification.py:1509: UndefinedMetricWarning: Precision is ill-defined and being set to 0.0 due to no predicted samples. Use `zero_division` parameter to control this behavior.
  _warn_prf(average, modifier, f"{metric.capitalize()} is", len(result))

2025-05-26 20:34:08,127:WARNING:C:\Users\User\AppData\Local\Programs\Python\Python311\Lib\site-packages\sklearn\metrics\_classification.py:1509: UndefinedMetricWarning: Precision is ill-defined and being set to 0.0 due to no predicted samples. Use `zero_division` parameter to control this behavior.
  _warn_prf(average, modifier, f"{metric.capitalize()} is", len(result))

2025-05-26 20:34:08,147:INFO:Calculating mean and std
2025-05-26 20:34:08,148:INFO:Creating metrics dataframe
2025-05-26 20:34:08,150:INFO:Uploading results into container
2025-05-26 20:34:08,151:INFO:Uploading model into container now
2025-05-26 20:34:08,151:INFO:_master_model_container: 14
2025-05-26 20:34:08,152:INFO:_display_container: 2
2025-05-26 20:34:08,152:INFO:DummyClassifier(constant=None, random_state=776, strategy='prior')
2025-05-26 20:34:08,152:INFO:create_model() successfully completed......................................
2025-05-26 20:34:08,379:INFO:SubProcess create_model() end ==================================
2025-05-26 20:34:08,379:INFO:Creating metrics dataframe
2025-05-26 20:34:08,390:INFO:Initializing create_model()
2025-05-26 20:34:08,390:INFO:create_model(self=<pycaret.classification.oop.ClassificationExperiment object at 0x000001F3495C0950>, estimator=LogisticRegression(C=1.0, class_weight=None, dual=False, fit_intercept=True,
                   intercept_scaling=1, l1_ratio=None, max_iter=1000,
                   multi_class='auto', n_jobs=None, penalty='l2',
                   random_state=776, solver='lbfgs', tol=0.0001, verbose=0,
                   warm_start=False), fold=StratifiedKFold(n_splits=10, random_state=None, shuffle=False), round=4, cross_validation=False, predict=False, fit_kwargs={}, groups=None, refit=True, probability_threshold=None, experiment_custom_tags=None, verbose=False, system=False, add_to_model_list=True, metrics=None, display=None, model_only=True, return_train_score=False, error_score=0.0, kwargs={})
2025-05-26 20:34:08,390:INFO:Checking exceptions
2025-05-26 20:34:08,391:INFO:Importing libraries
2025-05-26 20:34:08,392:INFO:Copying training dataset
2025-05-26 20:34:08,399:INFO:Defining folds
2025-05-26 20:34:08,400:INFO:Declaring metric variables
2025-05-26 20:34:08,400:INFO:Importing untrained model
2025-05-26 20:34:08,400:INFO:Declaring custom model
2025-05-26 20:34:08,403:INFO:Logistic Regression Imported successfully
2025-05-26 20:34:08,407:INFO:Cross validation set to False
2025-05-26 20:34:08,407:INFO:Fitting Model
2025-05-26 20:34:08,663:INFO:LogisticRegression(C=1.0, class_weight=None, dual=False, fit_intercept=True,
                   intercept_scaling=1, l1_ratio=None, max_iter=1000,
                   multi_class='auto', n_jobs=None, penalty='l2',
                   random_state=776, solver='lbfgs', tol=0.0001, verbose=0,
                   warm_start=False)
2025-05-26 20:34:08,663:INFO:create_model() successfully completed......................................
2025-05-26 20:34:08,874:INFO:_master_model_container: 14
2025-05-26 20:34:08,874:INFO:_display_container: 2
2025-05-26 20:34:08,875:INFO:LogisticRegression(C=1.0, class_weight=None, dual=False, fit_intercept=True,
                   intercept_scaling=1, l1_ratio=None, max_iter=1000,
                   multi_class='auto', n_jobs=None, penalty='l2',
                   random_state=776, solver='lbfgs', tol=0.0001, verbose=0,
                   warm_start=False)
2025-05-26 20:34:08,876:INFO:compare_models() successfully completed......................................
2025-05-26 20:34:08,876:INFO:Initializing evaluate_model()
2025-05-26 20:34:08,876:INFO:evaluate_model(self=<pycaret.classification.oop.ClassificationExperiment object at 0x000001F3495C0950>, estimator=LogisticRegression(C=1.0, class_weight=None, dual=False, fit_intercept=True,
                   intercept_scaling=1, l1_ratio=None, max_iter=1000,
                   multi_class='auto', n_jobs=None, penalty='l2',
                   random_state=776, solver='lbfgs', tol=0.0001, verbose=0,
                   warm_start=False), fold=None, fit_kwargs=None, plot_kwargs=None, feature_name=None, groups=None)
2025-05-26 20:34:09,503:INFO:Initializing plot_model()
2025-05-26 20:34:09,503:INFO:plot_model(self=<pycaret.classification.oop.ClassificationExperiment object at 0x000001F3495C0950>, estimator=LogisticRegression(C=1.0, class_weight=None, dual=False, fit_intercept=True,
                   intercept_scaling=1, l1_ratio=None, max_iter=1000,
                   multi_class='auto', n_jobs=None, penalty='l2',
                   random_state=776, solver='lbfgs', tol=0.0001, verbose=0,
                   warm_start=False), plot=pipeline, scale=1, save=False, fold=StratifiedKFold(n_splits=10, random_state=None, shuffle=False), fit_kwargs={}, plot_kwargs=None, groups=None, feature_name=None, label=False, verbose=False, system=True, display=None, display_format=None)
2025-05-26 20:34:09,503:INFO:Checking exceptions
2025-05-26 20:34:09,506:INFO:Preloading libraries
2025-05-26 20:34:09,506:INFO:Copying training dataset
2025-05-26 20:34:09,506:INFO:Plot type: pipeline
